TN:
SF:/Users/eveessex/dev/positron/test.config.js
FN:36,(anonymous_0)
FN:39,(anonymous_1)
FN:42,(anonymous_2)
FN:43,(anonymous_3)
FNF:4
FNH:2
FNDA:2,(anonymous_0)
FNDA:5,(anonymous_1)
FNDA:0,(anonymous_2)
FNDA:0,(anonymous_3)
DA:1,125
DA:2,125
DA:5,125
DA:6,125
DA:7,125
DA:8,125
DA:12,125
DA:13,125
DA:14,125
DA:15,125
DA:16,125
DA:17,125
DA:18,125
DA:21,125
DA:24,125
DA:25,125
DA:27,125
DA:31,125
DA:32,125
DA:33,125
DA:34,125
DA:35,125
DA:36,125
DA:37,125
DA:40,5
DA:48,125
LF:26
LH:26
BRDA:38,0,0,125
BRDA:38,0,1,125
BRF:2
BRH:2
end_of_record
TN:
SF:/Users/eveessex/dev/positron/src/api/apps/search/queries.js
FN:1,(anonymous_0)
FNF:1
FNH:1
FNDA:3,(anonymous_0)
DA:1,1
DA:2,3
LF:2
LH:2
BRF:0
BRH:0
end_of_record
TN:
SF:/Users/eveessex/dev/positron/src/api/apps/search/routes.js
FN:7,(anonymous_0)
FN:11,(anonymous_1)
FN:27,(anonymous_2)
FNF:3
FNH:2
FNDA:3,(anonymous_0)
FNDA:0,(anonymous_1)
FNDA:2,(anonymous_2)
DA:4,1
DA:7,1
DA:8,3
DA:9,3
DA:10,3
DA:11,0
DA:12,0
DA:15,3
DA:28,2
DA:29,1
DA:31,1
LF:11
LH:9
BRDA:8,0,0,0
BRDA:8,0,1,3
BRDA:10,1,0,0
BRDA:10,1,1,3
BRDA:28,2,0,1
BRDA:28,2,1,1
BRF:6
BRH:4
end_of_record
TN:
SF:/Users/eveessex/dev/positron/src/client/collections
FN:1,(anonymous_0)
FN:9,(anonymous_4)
FN:10,(anonymous_5)
FN:15,(anonymous_6)
FN:17,(anonymous_7)
FN:21,(anonymous_8)
FN:22,(anonymous_9)
FN:27,(anonymous_10)
FN:33,(anonymous_11)
FN:34,(anonymous_12)
FN:10,(anonymous_4)
FN:5,(anonymous_0)
FN:10,(anonymous_1)
FN:16,(anonymous_2)
FN:17,(anonymous_3)
FN:17,(anonymous_4)
FN:19,(anonymous_5)
FN:20,(anonymous_6)
FN:20,(anonymous_7)
FN:22,(anonymous_8)
FN:23,(anonymous_9)
FN:24,(anonymous_10)
FN:24,(anonymous_11)
FN:25,(anonymous_12)
FNF:24
FNH:5
FNDA:356,(anonymous_0)
FNDA:0,(anonymous_4)
FNDA:0,(anonymous_5)
FNDA:0,(anonymous_6)
FNDA:0,(anonymous_7)
FNDA:0,(anonymous_8)
FNDA:0,(anonymous_9)
FNDA:0,(anonymous_10)
FNDA:0,(anonymous_11)
FNDA:0,(anonymous_12)
FNDA:0,(anonymous_4)
FNDA:0,(anonymous_0)
FNDA:0,(anonymous_1)
FNDA:0,(anonymous_2)
FNDA:0,(anonymous_3)
FNDA:0,(anonymous_4)
FNDA:10,(anonymous_5)
FNDA:10,(anonymous_6)
FNDA:46,(anonymous_7)
FNDA:0,(anonymous_8)
FNDA:0,(anonymous_9)
FNDA:10,(anonymous_10)
FNDA:0,(anonymous_11)
FNDA:0,(anonymous_12)
DA:1,1602
DA:2,178
DA:3,62
DA:4,56
DA:5,62
DA:6,56
DA:7,56
DA:9,66
DA:11,0
DA:19,0
DA:23,0
DA:25,0
DA:26,0
DA:27,0
DA:34,0
DA:35,0
DA:39,0
LF:17
LH:8
BRDA:1,0,0,178
BRDA:1,0,1,0
BRDA:11,1,0,0
BRDA:11,1,1,0
BRDA:11,1,2,0
BRDA:23,2,0,0
BRDA:23,2,1,0
BRDA:23,2,2,0
BRDA:35,3,0,0
BRDA:35,3,1,0
BRDA:35,3,2,0
BRDA:11,4,0,0
BRDA:11,4,1,0
BRDA:5,5,0,56
BRDA:5,5,1,0
BRDA:20,6,0,10
BRDA:20,6,1,0
BRDA:27,7,0,0
BRDA:27,7,1,0
BRDA:28,8,0,0
BRDA:28,8,1,0
BRF:21
BRH:3
end_of_record
TN:
SF:/Users/eveessex/dev/positron/src/client/models
FN:8,(anonymous_0)
FN:17,(anonymous_4)
FN:21,(anonymous_5)
FN:1,(anonymous_0)
FN:12,(anonymous_4)
FN:15,(anonymous_5)
FN:17,(anonymous_6)
FN:28,(anonymous_7)
FN:34,(anonymous_9)
FN:36,(anonymous_11)
FN:45,(anonymous_12)
FN:13,(anonymous_4)
FN:19,(anonymous_5)
FN:22,(anonymous_6)
FN:38,(anonymous_7)
FN:41,(anonymous_8)
FN:47,(anonymous_9)
FN:55,(anonymous_10)
FN:12,(anonymous_4)
FN:15,(anonymous_5)
FN:18,(anonymous_6)
FN:21,(anonymous_7)
FN:24,(anonymous_8)
FN:27,(anonymous_9)
FN:33,(anonymous_10)
FN:35,(anonymous_11)
FN:35,(anonymous_12)
FN:38,(anonymous_13)
FN:40,(anonymous_14)
FN:40,(anonymous_15)
FN:43,(anonymous_16)
FN:45,(anonymous_17)
FN:45,(anonymous_18)
FN:60,(anonymous_19)
FN:65,(anonymous_20)
FNF:35
FNH:5
FNDA:112,(anonymous_0)
FNDA:15,(anonymous_4)
FNDA:0,(anonymous_5)
FNDA:360,(anonymous_0)
FNDA:60,(anonymous_4)
FNDA:0,(anonymous_5)
FNDA:0,(anonymous_6)
FNDA:0,(anonymous_7)
FNDA:0,(anonymous_9)
FNDA:0,(anonymous_11)
FNDA:0,(anonymous_12)
FNDA:0,(anonymous_4)
FNDA:0,(anonymous_5)
FNDA:0,(anonymous_6)
FNDA:0,(anonymous_7)
FNDA:0,(anonymous_8)
FNDA:0,(anonymous_9)
FNDA:0,(anonymous_10)
FNDA:1,(anonymous_4)
FNDA:0,(anonymous_5)
FNDA:0,(anonymous_6)
FNDA:0,(anonymous_7)
FNDA:0,(anonymous_8)
FNDA:0,(anonymous_9)
FNDA:0,(anonymous_10)
FNDA:0,(anonymous_11)
FNDA:0,(anonymous_12)
FNDA:0,(anonymous_13)
FNDA:0,(anonymous_14)
FNDA:0,(anonymous_15)
FNDA:0,(anonymous_16)
FNDA:0,(anonymous_17)
FNDA:0,(anonymous_18)
FNDA:0,(anonymous_19)
FNDA:0,(anonymous_20)
DA:1,1620
DA:2,176
DA:3,120
DA:4,56
DA:5,56
DA:6,56
DA:7,56
DA:8,504
DA:9,56
DA:10,56
DA:11,56
DA:13,56
DA:14,0
DA:15,0
DA:16,0
DA:17,15
DA:18,0
DA:20,0
DA:21,0
DA:22,0
DA:23,0
DA:29,0
DA:30,0
DA:31,0
DA:36,56
DA:38,0
DA:39,0
DA:41,0
DA:42,0
DA:44,0
DA:46,0
DA:47,0
DA:48,0
DA:49,0
DA:51,0
DA:52,0
DA:53,0
DA:54,0
DA:56,0
DA:57,0
DA:59,0
DA:61,0
DA:66,0
LF:43
LH:14
BRDA:8,0,0,56
BRDA:8,0,1,0
BRDA:23,1,0,0
BRDA:23,1,1,0
BRDA:1,2,0,180
BRDA:1,2,1,0
BRDA:19,3,0,0
BRDA:19,3,1,0
BRDA:22,4,0,0
BRDA:22,4,1,0
BRDA:23,5,0,0
BRDA:23,5,1,0
BRDA:30,6,0,0
BRDA:30,6,1,0
BRDA:16,7,0,0
BRDA:16,7,1,0
BRDA:36,8,0,0
BRDA:36,8,1,0
BRDA:40,9,0,0
BRDA:40,9,1,0
BRDA:44,10,0,0
BRDA:44,10,1,0
BRDA:44,11,0,0
BRDA:44,11,1,0
BRDA:48,12,0,0
BRDA:48,12,1,0
BRDA:57,13,0,0
BRDA:57,13,1,0
BRDA:58,14,0,0
BRDA:58,14,1,0
BRDA:25,15,0,0
BRDA:25,15,1,0
BRDA:39,16,0,0
BRDA:39,16,1,0
BRDA:44,17,0,0
BRDA:44,17,1,0
BRDA:44,18,0,0
BRDA:44,18,1,0
BRDA:61,19,0,0
BRDA:61,19,1,0
BRF:40
BRH:2
end_of_record
TN:
SF:/Users/eveessex/dev/positron/src/client/actions/articlesActions.ts
FN:16,(anonymous_0)
FNF:1
FNH:1
FNDA:22,(anonymous_0)
DA:6,2
DA:16,22
LF:2
LH:2
BRF:0
BRH:0
end_of_record
TN:
SF:/Users/eveessex/dev/positron/src/client/actions/edit/articleActions.ts
FN:29,(anonymous_0)
FN:46,(anonymous_1)
FN:47,(anonymous_2)
FN:55,(anonymous_3)
FN:66,(anonymous_4)
FN:78,(anonymous_5)
FN:85,(anonymous_6)
FN:100,(anonymous_7)
FN:101,(anonymous_8)
FN:132,(anonymous_9)
FN:133,(anonymous_10)
FN:153,(anonymous_11)
FN:170,(anonymous_12)
FN:171,(anonymous_13)
FN:193,(anonymous_14)
FN:211,(anonymous_15)
FN:212,(anonymous_16)
FN:219,(anonymous_17)
FN:224,(anonymous_18)
FN:242,(anonymous_19)
FN:258,(anonymous_20)
FN:259,(anonymous_21)
FN:278,(anonymous_22)
FN:294,(anonymous_23)
FN:295,(anonymous_24)
FNF:25
FNH:22
FNDA:1,(anonymous_0)
FNDA:1,(anonymous_1)
FNDA:1,(anonymous_2)
FNDA:0,(anonymous_3)
FNDA:1,(anonymous_4)
FNDA:10,(anonymous_5)
FNDA:18,(anonymous_6)
FNDA:19,(anonymous_7)
FNDA:18,(anonymous_8)
FNDA:10,(anonymous_9)
FNDA:9,(anonymous_10)
FNDA:2,(anonymous_11)
FNDA:3,(anonymous_12)
FNDA:3,(anonymous_13)
FNDA:3,(anonymous_14)
FNDA:18,(anonymous_15)
FNDA:15,(anonymous_16)
FNDA:0,(anonymous_17)
FNDA:0,(anonymous_18)
FNDA:15,(anonymous_19)
FNDA:2,(anonymous_20)
FNDA:2,(anonymous_21)
FNDA:2,(anonymous_22)
FNDA:19,(anonymous_23)
FNDA:6,(anonymous_24)
DA:2,58
DA:9,58
DA:29,58
DA:30,1
DA:46,58
DA:47,1
DA:50,1
DA:51,1
DA:53,1
DA:54,1
DA:56,0
DA:66,58
DA:67,1
DA:78,58
DA:79,10
DA:85,58
DA:86,18
DA:100,58
DA:101,19
DA:104,18
DA:105,18
DA:107,18
DA:109,1
DA:111,17
DA:113,17
DA:115,1
DA:116,1
DA:119,16
DA:122,18
DA:132,58
DA:133,10
DA:137,9
DA:139,9
DA:141,9
DA:143,9
DA:144,4
DA:153,58
DA:154,2
DA:156,2
DA:170,58
DA:171,3
DA:172,3
DA:175,3
DA:176,3
DA:177,3
DA:179,3
DA:180,3
DA:181,2
DA:183,3
DA:185,3
DA:193,58
DA:194,3
DA:211,58
DA:212,18
DA:215,15
DA:216,15
DA:217,15
DA:219,15
DA:220,0
DA:223,15
DA:224,3
DA:225,0
DA:229,15
DA:230,15
DA:232,15
DA:233,4
DA:242,58
DA:243,15
DA:258,58
DA:259,2
DA:262,2
DA:264,2
DA:267,2
DA:269,2
DA:270,2
DA:278,58
DA:282,2
DA:294,58
DA:295,19
DA:298,6
DA:300,6
DA:301,3
LF:82
LH:79
BRDA:107,0,0,1
BRDA:107,0,1,17
BRDA:113,1,0,1
BRDA:113,1,1,16
BRDA:115,2,0,1
BRDA:115,2,1,1
BRDA:143,3,0,4
BRDA:143,3,1,5
BRDA:180,4,0,2
BRDA:180,4,1,1
BRDA:223,5,0,3
BRDA:223,5,1,12
BRDA:232,6,0,4
BRDA:232,6,1,11
BRDA:264,7,0,1
BRDA:264,7,1,1
BRDA:267,8,0,2
BRDA:267,8,1,2
BRDA:300,9,0,3
BRDA:300,9,1,3
BRF:20
BRH:20
end_of_record
TN:
SF:/Users/eveessex/dev/positron/src/client/actions/edit/editActions.ts
FN:28,(anonymous_0)
FN:43,(anonymous_1)
FN:58,(anonymous_2)
FN:68,(anonymous_3)
FN:82,(anonymous_4)
FN:92,(anonymous_5)
FN:103,(anonymous_6)
FN:116,(anonymous_7)
FNF:8
FNH:8
FNDA:1,(anonymous_0)
FNDA:10,(anonymous_1)
FNDA:9,(anonymous_2)
FNDA:1,(anonymous_3)
FNDA:1,(anonymous_4)
FNDA:9,(anonymous_5)
FNDA:1,(anonymous_6)
FNDA:2,(anonymous_7)
DA:8,60
DA:28,60
DA:29,1
DA:43,60
DA:44,10
DA:57,60
DA:59,9
DA:68,60
DA:69,1
DA:82,60
DA:92,60
DA:93,9
DA:95,9
DA:103,60
DA:104,1
DA:116,60
DA:117,2
DA:118,1
DA:120,1
DA:123,2
LF:20
LH:20
BRDA:117,0,0,1
BRDA:117,0,1,1
BRF:2
BRH:2
end_of_record
TN:
SF:/Users/eveessex/dev/positron/src/client/actions/edit/errorActions.ts
FN:8,(anonymous_0)
FN:15,(anonymous_1)
FNF:2
FNH:2
FNDA:1,(anonymous_0)
FNDA:1,(anonymous_1)
DA:3,12
DA:8,12
DA:15,12
LF:3
LH:3
BRF:0
BRH:0
end_of_record
TN:
SF:/Users/eveessex/dev/positron/src/client/actions/edit/index.ts
FNF:0
FNH:0
DA:9,1
LF:1
LH:1
BRF:0
BRH:0
end_of_record
TN:
SF:/Users/eveessex/dev/positron/src/client/actions/edit/sectionActions.ts
FN:27,(anonymous_0)
FN:41,(anonymous_1)
FN:44,(anonymous_2)
FN:55,(anonymous_3)
FN:70,(anonymous_4)
FN:71,(anonymous_5)
FN:89,(anonymous_6)
FN:90,(anonymous_7)
FN:106,(anonymous_8)
FN:107,(anonymous_9)
FN:122,(anonymous_10)
FN:132,(anonymous_11)
FNF:12
FNH:12
FNDA:13,(anonymous_0)
FNDA:2,(anonymous_1)
FNDA:2,(anonymous_2)
FNDA:14,(anonymous_3)
FNDA:3,(anonymous_4)
FNDA:3,(anonymous_5)
FNDA:15,(anonymous_6)
FNDA:13,(anonymous_7)
FNDA:7,(anonymous_8)
FNDA:5,(anonymous_9)
FNDA:5,(anonymous_10)
FNDA:24,(anonymous_11)
DA:13,32
DA:27,32
DA:28,13
DA:41,32
DA:42,2
DA:44,2
DA:45,2
DA:55,32
DA:56,14
DA:58,14
DA:70,32
DA:71,3
DA:74,3
DA:75,3
DA:77,3
DA:78,3
DA:80,3
DA:81,1
DA:89,32
DA:90,15
DA:93,13
DA:95,13
DA:97,13
DA:98,3
DA:106,32
DA:107,7
DA:110,5
DA:111,5
DA:113,5
DA:114,5
DA:122,32
DA:132,32
DA:134,24
DA:136,3
DA:142,3
DA:148,2
DA:155,2
DA:161,14
LF:38
LH:38
BRDA:55,0,0,5
BRDA:75,1,0,3
BRDA:75,1,1,0
BRDA:80,2,0,1
BRDA:80,2,1,2
BRDA:97,3,0,3
BRDA:97,3,1,10
BRDA:132,4,0,1
BRDA:134,5,0,3
BRDA:134,5,1,3
BRDA:134,5,2,2
BRDA:134,5,3,2
BRDA:134,5,4,14
BRF:13
BRH:12
end_of_record
TN:
SF:/Users/eveessex/dev/positron/src/client/actions/edit/textSectionActions.ts
FN:22,(anonymous_0)
FN:26,(anonymous_1)
FN:48,(anonymous_2)
FN:49,(anonymous_3)
FN:76,(anonymous_4)
FN:77,(anonymous_5)
FN:92,(anonymous_6)
FN:97,(anonymous_7)
FN:124,(anonymous_8)
FN:125,(anonymous_9)
FN:150,(anonymous_10)
FN:151,(anonymous_11)
FN:165,(anonymous_12)
FN:166,(anonymous_13)
FNF:14
FNH:10
FNDA:3,(anonymous_0)
FNDA:3,(anonymous_1)
FNDA:4,(anonymous_2)
FNDA:4,(anonymous_3)
FNDA:4,(anonymous_4)
FNDA:4,(anonymous_5)
FNDA:5,(anonymous_6)
FNDA:5,(anonymous_7)
FNDA:0,(anonymous_8)
FNDA:0,(anonymous_9)
FNDA:0,(anonymous_10)
FNDA:0,(anonymous_11)
FNDA:5,(anonymous_12)
FNDA:5,(anonymous_13)
DA:22,9
DA:26,3
DA:29,3
DA:31,3
DA:32,3
DA:34,3
DA:35,1
DA:48,9
DA:49,4
DA:56,4
DA:57,4
DA:58,3
DA:59,3
DA:61,3
DA:62,2
DA:63,2
DA:66,2
DA:76,9
DA:77,4
DA:80,4
DA:81,4
DA:82,4
DA:92,9
DA:97,5
DA:100,5
DA:102,5
DA:103,5
DA:105,2
DA:107,5
DA:109,3
DA:111,5
DA:112,4
DA:113,1
DA:115,4
DA:124,9
DA:125,0
DA:126,0
DA:127,0
DA:128,0
DA:130,0
DA:132,0
DA:134,0
DA:136,0
DA:138,0
DA:143,0
DA:150,9
DA:151,0
DA:152,0
DA:154,0
DA:155,0
DA:156,0
DA:165,9
DA:166,5
DA:169,5
DA:170,5
DA:171,5
DA:172,5
DA:174,5
DA:176,1
DA:178,4
DA:179,4
DA:181,4
DA:183,1
DA:184,3
DA:186,1
DA:187,1
DA:190,2
LF:67
LH:52
BRDA:34,0,0,1
BRDA:34,0,1,2
BRDA:57,1,0,3
BRDA:57,1,1,1
BRDA:57,2,0,4
BRDA:57,2,1,4
BRDA:59,3,0,3
BRDA:59,3,1,3
BRDA:61,4,0,2
BRDA:61,4,1,1
BRDA:103,5,0,2
BRDA:103,5,1,3
BRDA:107,6,0,3
BRDA:107,6,1,2
BRDA:111,7,0,4
BRDA:111,7,1,1
BRDA:111,8,0,5
BRDA:111,8,1,2
BRDA:112,9,0,1
BRDA:112,9,1,3
BRDA:130,10,0,0
BRDA:130,10,1,0
BRDA:134,11,0,0
BRDA:134,11,1,0
BRDA:154,12,0,0
BRDA:154,12,1,0
BRDA:174,13,0,1
BRDA:174,13,1,4
BRDA:179,14,0,4
BRDA:179,14,1,3
BRDA:181,15,0,1
BRDA:181,15,1,3
BRDA:184,16,0,1
BRDA:184,16,1,2
BRF:34
BRH:28
end_of_record
TN:
SF:/Users/eveessex/dev/positron/src/client/apps/articles_list/query.ts
FN:1,(anonymous_0)
FNF:1
FNH:1
FNDA:21,(anonymous_0)
DA:1,2
DA:2,21
LF:2
LH:2
BRF:0
BRH:0
end_of_record
TN:
SF:/Users/eveessex/dev/positron/src/client/apps/articles_list/routes.ts
FN:8,(anonymous_0)
FN:28,(anonymous_1)
FN:35,(anonymous_2)
FN:40,(anonymous_3)
FN:45,(anonymous_4)
FN:51,(anonymous_5)
FNF:6
FNH:6
FNDA:11,(anonymous_0)
FNDA:10,(anonymous_1)
FNDA:1,(anonymous_2)
FNDA:1,(anonymous_3)
FNDA:10,(anonymous_4)
FNDA:10,(anonymous_5)
DA:6,1
DA:8,1
DA:10,11
DA:12,11
DA:13,2
DA:15,9
DA:18,11
DA:20,11
DA:22,11
DA:26,11
DA:29,10
DA:30,9
DA:32,1
DA:35,1
DA:36,1
DA:41,1
DA:45,1
DA:46,10
DA:47,10
DA:48,10
DA:49,10
DA:51,10
DA:52,10
DA:53,10
DA:55,10
LF:25
LH:25
BRDA:12,0,0,2
BRDA:12,0,1,9
BRDA:29,1,0,9
BRDA:29,1,1,1
BRDA:46,2,0,10
BRDA:46,2,1,0
BRF:6
BRH:5
end_of_record
TN:
SF:/Users/eveessex/dev/positron/src/client/apps/articles_list/components/articles_list.tsx
FN:43,(anonymous_0)
FN:56,(anonymous_1)
FN:61,(anonymous_2)
FN:70,(anonymous_3)
FN:74,(anonymous_4)
FN:81,(anonymous_5)
FN:86,(anonymous_6)
FN:99,(anonymous_7)
FN:107,(anonymous_8)
FN:169,(anonymous_9)
FNF:10
FNH:10
FNDA:21,(anonymous_0)
FNDA:21,(anonymous_1)
FNDA:3,(anonymous_2)
FNDA:1,(anonymous_3)
FNDA:2,(anonymous_4)
FNDA:1,(anonymous_5)
FNDA:9,(anonymous_6)
FNDA:2,(anonymous_7)
FNDA:25,(anonymous_8)
FNDA:21,(anonymous_9)
DA:16,1
DA:44,21
DA:46,21
DA:53,21
DA:57,21
DA:58,21
DA:62,3
DA:64,3
DA:65,0
DA:67,3
DA:71,1
DA:75,2
DA:82,1
DA:83,1
DA:87,9
DA:88,9
DA:89,9
DA:95,9
DA:100,2
DA:101,1
DA:103,1
DA:115,25
DA:116,25
DA:118,25
DA:119,25
DA:158,1
DA:163,1
DA:169,21
DA:176,1
LF:29
LH:28
BRDA:64,0,0,0
BRDA:64,0,1,3
BRDA:97,1,0,8
BRDA:97,1,1,1
BRDA:100,2,0,1
BRDA:100,2,1,1
BRDA:118,3,0,25
BRDA:118,3,1,24
BRDA:125,4,0,24
BRDA:125,4,1,1
BRDA:146,5,0,4
BRDA:146,5,1,21
BRDA:151,6,0,21
BRDA:151,6,1,19
BRF:14
BRH:13
end_of_record
TN:
SF:/Users/eveessex/dev/positron/src/client/apps/articles_list/components/articles_list_empty.tsx
FN:4,(anonymous_0)
FNF:1
FNH:1
FNDA:2,(anonymous_0)
DA:4,2
DA:5,2
LF:2
LH:2
BRF:0
BRH:0
end_of_record
TN:
SF:/Users/eveessex/dev/positron/src/client/apps/articles_list/components/articles_list_header.tsx
FN:13,(anonymous_0)
FN:27,(anonymous_1)
FN:64,(anonymous_2)
FNF:3
FNH:3
FNDA:25,(anonymous_0)
FNDA:2,(anonymous_1)
FNDA:21,(anonymous_2)
DA:13,2
DA:14,25
DA:16,25
DA:28,2
DA:31,2
DA:46,2
DA:57,2
DA:64,21
LF:8
LH:8
BRDA:26,0,0,22
BRDA:26,0,1,3
BRDA:29,1,0,2
BRDA:29,1,1,2
BRF:4
BRH:4
end_of_record
TN:
SF:/Users/eveessex/dev/positron/src/client/apps/display/query.js
FNF:0
FNH:0
DA:1,1
LF:1
LH:1
BRF:0
BRH:0
end_of_record
TN:
SF:/Users/eveessex/dev/positron/src/client/apps/display/routes.js
FN:10,(anonymous_0)
FN:16,(anonymous_1)
FNF:2
FNH:2
FNDA:5,(anonymous_0)
FNDA:5,(anonymous_1)
DA:8,1
DA:10,1
DA:11,5
DA:12,5
DA:17,5
DA:18,1
DA:21,4
DA:22,4
DA:23,4
DA:25,4
DA:26,3
DA:27,3
DA:28,3
DA:37,3
DA:40,4
DA:41,4
LF:16
LH:16
BRDA:17,0,0,1
BRDA:17,0,1,4
BRDA:25,1,0,3
BRDA:25,1,1,1
BRF:4
BRH:4
end_of_record
TN:
SF:/Users/eveessex/dev/positron/src/client/apps/edit/components/edit_container.tsx
FN:56,(anonymous_0)
FN:71,(anonymous_1)
FN:81,(anonymous_2)
FN:90,(anonymous_3)
FN:96,(anonymous_4)
FN:104,(anonymous_5)
FN:117,(anonymous_6)
FN:131,(anonymous_7)
FN:141,(anonymous_8)
FN:147,(anonymous_9)
FN:162,(anonymous_10)
FN:175,(anonymous_11)
FN:181,(anonymous_12)
FN:215,(anonymous_13)
FN:225,(anonymous_14)
FNF:15
FNH:12
FNDA:15,(anonymous_0)
FNDA:17,(anonymous_1)
FNDA:1,(anonymous_2)
FNDA:9,(anonymous_3)
FNDA:1,(anonymous_4)
FNDA:13,(anonymous_5)
FNDA:0,(anonymous_6)
FNDA:14,(anonymous_7)
FNDA:1,(anonymous_8)
FNDA:9,(anonymous_9)
FNDA:16,(anonymous_10)
FNDA:0,(anonymous_11)
FNDA:16,(anonymous_12)
FNDA:90,(anonymous_13)
FNDA:0,(anonymous_14)
DA:28,1
DA:57,15
DA:59,15
DA:61,15
DA:63,15
DA:72,17
DA:74,17
DA:76,14
DA:77,14
DA:82,1
DA:83,1
DA:85,1
DA:86,1
DA:91,9
DA:92,9
DA:93,9
DA:97,1
DA:99,1
DA:100,0
DA:105,13
DA:107,13
DA:113,13
DA:114,13
DA:118,0
DA:122,0
DA:123,0
DA:124,0
DA:125,0
DA:127,0
DA:132,14
DA:133,1
DA:135,14
DA:142,1
DA:148,9
DA:150,9
DA:151,9
DA:157,9
DA:163,16
DA:165,16
DA:167,1
DA:169,14
DA:171,1
DA:176,0
DA:182,16
DA:187,16
DA:189,16
DA:195,16
DA:216,90
DA:225,1
DA:235,1
DA:248,1
DA:257,1
LF:52
LH:44
BRDA:61,0,0,15
BRDA:61,0,1,15
BRDA:61,0,2,15
BRDA:64,1,0,15
BRDA:64,1,1,15
BRDA:74,2,0,14
BRDA:74,2,1,3
BRDA:82,3,0,1
BRDA:82,3,1,0
BRDA:99,4,0,0
BRDA:99,4,1,1
BRDA:122,5,0,0
BRDA:122,5,1,0
BRDA:124,6,0,0
BRDA:124,6,1,0
BRDA:132,7,0,1
BRDA:132,7,1,13
BRDA:148,8,0,0
BRDA:148,8,1,9
BRDA:165,9,0,1
BRDA:165,9,1,14
BRDA:165,9,2,1
BRDA:189,10,0,0
BRDA:189,10,1,16
BRDA:191,11,0,1
BRDA:191,11,1,15
BRDA:200,12,0,16
BRDA:200,12,1,15
BRDA:205,13,0,16
BRDA:205,13,1,16
BRDA:209,14,0,16
BRDA:209,14,1,16
BRDA:209,14,2,1
BRF:33
BRH:25
end_of_record
TN:
SF:/Users/eveessex/dev/positron/src/client/apps/edit/components/admin/components
FN:1,(anonymous_0)
FN:12,(anonymous_1)
FN:19,(anonymous_2)
FN:24,(anonymous_3)
FN:35,(anonymous_4)
FN:35,(anonymous_5)
FN:37,(anonymous_6)
FN:37,(anonymous_7)
FN:39,(anonymous_8)
FN:39,(anonymous_9)
FN:43,(anonymous_10)
FN:46,(anonymous_11)
FN:50,(anonymous_12)
FN:53,(anonymous_13)
FN:56,(anonymous_14)
FN:64,(anonymous_15)
FN:89,(anonymous_16)
FNF:17
FNH:7
FNDA:0,(anonymous_0)
FNDA:297,(anonymous_1)
FNDA:316,(anonymous_2)
FNDA:0,(anonymous_3)
FNDA:0,(anonymous_4)
FNDA:0,(anonymous_5)
FNDA:0,(anonymous_6)
FNDA:0,(anonymous_7)
FNDA:0,(anonymous_8)
FNDA:0,(anonymous_9)
FNDA:2,(anonymous_10)
FNDA:0,(anonymous_11)
FNDA:0,(anonymous_12)
FNDA:2,(anonymous_13)
FNDA:316,(anonymous_14)
FNDA:312,(anonymous_15)
FNDA:316,(anonymous_16)
DA:1,18
DA:2,18
DA:3,18
DA:4,18
DA:5,18
DA:6,18
DA:7,18
DA:9,18
DA:20,316
DA:21,19
DA:22,316
DA:25,0
DA:27,0
DA:28,0
DA:30,0
DA:31,0
DA:40,0
DA:90,316
DA:91,316
DA:92,316
DA:93,316
LF:21
LH:15
BRDA:1,0,0,18
BRDA:1,0,1,0
BRDA:17,1,0,297
BRDA:17,1,1,247
BRDA:26,2,0,0
BRDA:26,2,1,0
BRDA:29,3,0,0
BRDA:29,3,1,0
BRDA:65,4,0,312
BRDA:65,4,1,165
BRDA:65,4,2,165
BRDA:68,5,0,5
BRDA:68,5,1,160
BRDA:76,6,0,1
BRDA:76,6,1,4
BRDA:85,7,0,162
BRDA:85,7,1,3
BRDA:90,8,0,12
BRDA:90,8,1,304
BRDA:91,9,0,0
BRDA:91,9,1,316
BRDA:92,10,0,19
BRDA:92,10,1,297
BRDA:93,11,0,0
BRDA:93,11,1,316
BRDA:113,12,0,312
BRDA:113,12,1,4
BRDA:117,13,0,0
BRDA:117,13,1,316
BRF:29
BRH:21
end_of_record
TN:
SF:/Users/eveessex/dev/positron/src/client/apps/edit/components/admin/index.tsx
FN:21,(anonymous_0)
FN:49,(anonymous_1)
FN:105,(anonymous_2)
FNF:3
FNH:3
FNDA:5,(anonymous_0)
FNDA:5,(anonymous_1)
FNDA:1,(anonymous_2)
DA:22,5
DA:24,5
DA:25,1
DA:30,4
DA:31,1
DA:40,3
DA:50,5
DA:51,5
DA:53,5
DA:105,3
DA:113,3
LF:11
LH:11
BRDA:24,0,0,1
BRDA:24,0,1,4
BRDA:30,1,0,1
BRDA:30,1,1,3
BRDA:56,2,0,0
BRDA:56,2,1,5
BRDA:62,3,0,2
BRDA:62,3,1,3
BRDA:80,4,0,5
BRDA:80,4,1,4
BRDA:86,5,0,5
BRDA:86,5,1,2
BRDA:86,5,2,1
BRDA:93,6,0,5
BRDA:93,6,1,2
BRDA:93,6,2,1
BRF:16
BRH:15
end_of_record
TN:
SF:/Users/eveessex/dev/positron/src/client/apps/edit/components/admin/components/appearances.tsx
FN:5,(anonymous_0)
FNF:1
FNH:1
FNDA:1,(anonymous_0)
DA:5,4
DA:6,1
LF:2
LH:2
BRF:0
BRH:0
end_of_record
TN:
SF:/Users/eveessex/dev/positron/src/client/apps/edit/components/admin/components/sponsor.tsx
FN:17,(anonymous_0)
FN:25,(anonymous_1)
FN:66,(anonymous_2)
FN:78,(anonymous_3)
FN:90,(anonymous_4)
FNF:5
FNH:4
FNDA:5,(anonymous_0)
FNDA:11,(anonymous_1)
FNDA:1,(anonymous_2)
FNDA:1,(anonymous_3)
FNDA:0,(anonymous_4)
DA:9,4
DA:18,5
DA:19,5
DA:21,5
DA:22,5
DA:26,11
DA:27,11
DA:29,11
DA:67,1
DA:79,1
DA:90,4
DA:94,4
LF:12
LH:12
BRDA:19,0,0,5
BRDA:19,0,1,5
BRDA:27,1,0,11
BRDA:27,1,1,8
BRF:4
BRH:4
end_of_record
TN:
SF:/Users/eveessex/dev/positron/src/client/apps/edit/components/admin/components/super_article.tsx
FN:24,(anonymous_0)
FN:32,(anonymous_1)
FN:49,(anonymous_2)
FN:62,(anonymous_3)
FN:84,(anonymous_4)
FN:104,(anonymous_5)
FN:116,(anonymous_6)
FN:128,(anonymous_7)
FN:140,(anonymous_8)
FN:152,(anonymous_9)
FN:164,(anonymous_10)
FN:176,(anonymous_11)
FN:220,(anonymous_12)
FN:231,(anonymous_13)
FNF:14
FNH:5
FNDA:2,(anonymous_0)
FNDA:8,(anonymous_1)
FNDA:3,(anonymous_2)
FNDA:7,(anonymous_3)
FNDA:0,(anonymous_4)
FNDA:1,(anonymous_5)
FNDA:0,(anonymous_6)
FNDA:0,(anonymous_7)
FNDA:0,(anonymous_8)
FNDA:0,(anonymous_9)
FNDA:0,(anonymous_10)
FNDA:0,(anonymous_11)
FNDA:0,(anonymous_12)
FNDA:0,(anonymous_13)
DA:14,4
DA:25,2
DA:26,2
DA:28,2
DA:29,2
DA:33,8
DA:34,8
DA:35,8
DA:37,8
DA:38,8
DA:39,8
DA:41,8
DA:42,3
DA:50,3
DA:51,0
DA:53,3
DA:54,3
DA:55,3
DA:58,5
DA:63,7
DA:64,7
DA:77,7
DA:78,7
DA:80,7
DA:85,0
DA:105,1
DA:117,0
DA:129,0
DA:141,0
DA:153,0
DA:165,0
DA:176,0
DA:220,0
DA:231,4
DA:237,4
LF:35
LH:26
BRDA:26,0,0,2
BRDA:26,0,1,2
BRDA:34,1,0,8
BRDA:34,1,1,5
BRDA:41,2,0,3
BRDA:41,2,1,5
BRDA:46,3,0,3
BRDA:46,3,1,3
BRDA:50,4,0,0
BRDA:50,4,1,3
BRDA:64,5,0,7
BRDA:64,5,1,5
BRDA:102,6,0,7
BRDA:102,6,1,6
BRDA:114,7,0,7
BRDA:114,7,1,6
BRDA:126,8,0,7
BRDA:126,8,1,6
BRDA:138,9,0,7
BRDA:138,9,1,6
BRDA:150,10,0,7
BRDA:150,10,1,6
BRDA:162,11,0,7
BRDA:162,11,1,6
BRDA:174,12,0,7
BRDA:174,12,1,6
BRDA:188,13,0,7
BRDA:188,13,1,6
BRDA:198,14,0,7
BRDA:198,14,1,6
BRDA:208,15,0,7
BRDA:208,15,1,6
BRDA:219,16,0,7
BRDA:219,16,1,5
BRF:34
BRH:33
end_of_record
TN:
SF:/Users/eveessex/dev/positron/src/client/apps/edit/components/admin/components/tags.tsx
FN:17,(anonymous_0)
FN:20,(anonymous_1)
FN:25,(anonymous_2)
FN:37,(anonymous_3)
FN:47,(anonymous_4)
FN:58,(anonymous_5)
FNF:6
FNH:6
FNDA:2,(anonymous_0)
FNDA:4,(anonymous_1)
FNDA:9,(anonymous_2)
FNDA:1,(anonymous_3)
FNDA:1,(anonymous_4)
FNDA:3,(anonymous_5)
DA:18,2
DA:20,4
DA:21,2
DA:22,2
DA:26,9
DA:27,9
DA:28,9
DA:30,9
DA:37,1
DA:48,1
DA:58,4
DA:62,4
LF:12
LH:12
BRDA:27,0,0,9
BRDA:27,0,1,1
BRDA:28,1,0,9
BRDA:28,1,1,1
BRF:4
BRH:4
end_of_record
TN:
SF:/Users/eveessex/dev/positron/src/client/apps/edit/components/admin/components/verticals_tags.tsx
FN:24,(anonymous_0)
FN:28,(anonymous_1)
FN:31,(anonymous_2)
FN:39,(anonymous_3)
FN:48,(anonymous_4)
FN:53,(anonymous_5)
FN:60,(anonymous_6)
FN:73,(anonymous_7)
FN:88,(anonymous_8)
FN:89,(anonymous_9)
FN:93,(anonymous_10)
FN:94,(anonymous_11)
FN:104,(anonymous_12)
FN:105,(anonymous_13)
FN:109,(anonymous_14)
FN:110,(anonymous_15)
FN:121,(anonymous_16)
FNF:17
FNH:11
FNDA:13,(anonymous_0)
FNDA:13,(anonymous_1)
FNDA:11,(anonymous_2)
FNDA:11,(anonymous_3)
FNDA:13,(anonymous_4)
FNDA:33,(anonymous_5)
FNDA:2,(anonymous_6)
FNDA:13,(anonymous_7)
FNDA:0,(anonymous_8)
FNDA:0,(anonymous_9)
FNDA:0,(anonymous_10)
FNDA:1,(anonymous_11)
FNDA:0,(anonymous_12)
FNDA:0,(anonymous_13)
FNDA:0,(anonymous_14)
FNDA:1,(anonymous_15)
FNDA:2,(anonymous_16)
DA:10,4
DA:25,13
DA:29,13
DA:32,11
DA:33,11
DA:34,11
DA:40,11
DA:42,11
DA:43,1
DA:44,1
DA:49,13
DA:50,13
DA:51,13
DA:53,13
DA:54,33
DA:56,33
DA:61,2
DA:62,2
DA:74,13
DA:76,13
DA:89,0
DA:90,0
DA:93,0
DA:94,1
DA:105,0
DA:106,0
DA:109,0
DA:110,1
DA:121,4
DA:126,4
DA:135,4
LF:31
LH:25
BRDA:20,0,0,13
BRDA:20,0,1,1
BRDA:42,1,0,1
BRDA:42,1,1,10
BRDA:42,2,0,11
BRDA:42,2,1,1
BRDA:51,3,0,13
BRDA:51,3,1,12
BRDA:54,4,0,33
BRDA:54,4,1,30
BRDA:59,5,0,10
BRDA:59,5,1,23
BRDA:61,6,0,1
BRDA:61,6,1,1
BRF:14
BRH:14
end_of_record
TN:
SF:/Users/eveessex/dev/positron/src/client/apps/edit/components/admin/components/article/article_authors.tsx
FN:16,(anonymous_0)
FN:24,(anonymous_1)
FN:40,(anonymous_2)
FN:53,(anonymous_3)
FN:64,(anonymous_4)
FN:77,(anonymous_5)
FN:78,(anonymous_6)
FN:87,(anonymous_7)
FN:101,(anonymous_8)
FN:112,(anonymous_9)
FNF:10
FNH:5
FNDA:1,(anonymous_0)
FNDA:1,(anonymous_1)
FNDA:0,(anonymous_2)
FNDA:31,(anonymous_3)
FNDA:1,(anonymous_4)
FNDA:0,(anonymous_5)
FNDA:0,(anonymous_6)
FNDA:0,(anonymous_7)
FNDA:0,(anonymous_8)
FNDA:25,(anonymous_9)
DA:17,1
DA:18,1
DA:20,1
DA:21,1
DA:25,1
DA:26,1
DA:28,1
DA:29,1
DA:30,1
DA:32,1
DA:33,1
DA:41,0
DA:42,0
DA:44,0
DA:45,0
DA:46,0
DA:49,0
DA:54,31
DA:55,31
DA:57,31
DA:64,1
DA:78,0
DA:79,0
DA:80,0
DA:88,0
DA:102,0
DA:112,25
DA:119,7
LF:28
LH:17
BRDA:18,0,0,1
BRDA:18,0,1,0
BRDA:32,1,0,1
BRDA:32,1,1,0
BRDA:37,2,0,1
BRDA:37,2,1,0
BRDA:41,3,0,0
BRDA:41,3,1,0
BRDA:55,4,0,30
BRDA:55,4,1,1
BRDA:70,5,0,31
BRDA:70,5,1,0
BRDA:76,6,0,0
BRDA:76,6,1,0
BRDA:95,7,0,31
BRDA:95,7,1,27
BRF:16
BRH:8
end_of_record
TN:
SF:/Users/eveessex/dev/positron/src/client/apps/edit/components/admin/components/article/article_publish_date.tsx
FN:25,(anonymous_0)
FN:29,(anonymous_1)
FN:52,(anonymous_2)
FN:61,(anonymous_3)
FN:84,(anonymous_4)
FN:97,(anonymous_5)
FN:112,(anonymous_6)
FN:123,(anonymous_7)
FN:145,(anonymous_8)
FN:154,(anonymous_9)
FN:178,(anonymous_10)
FNF:11
FNH:11
FNDA:50,(anonymous_0)
FNDA:7,(anonymous_1)
FNDA:3,(anonymous_2)
FNDA:53,(anonymous_3)
FNDA:67,(anonymous_4)
FNDA:1,(anonymous_5)
FNDA:2,(anonymous_6)
FNDA:63,(anonymous_7)
FNDA:77,(anonymous_8)
FNDA:77,(anonymous_9)
FNDA:136,(anonymous_10)
DA:26,50
DA:30,7
DA:31,7
DA:32,7
DA:34,7
DA:35,7
DA:36,7
DA:37,7
DA:41,7
DA:42,1
DA:43,6
DA:44,3
DA:46,3
DA:48,7
DA:53,3
DA:54,3
DA:55,3
DA:57,3
DA:58,3
DA:62,53
DA:66,53
DA:67,9
DA:68,9
DA:69,44
DA:70,40
DA:71,40
DA:73,4
DA:76,4
DA:81,53
DA:85,67
DA:86,67
DA:88,67
DA:89,14
DA:90,53
DA:91,12
DA:93,41
DA:98,1
DA:100,1
DA:102,1
DA:103,1
DA:105,1
DA:113,2
DA:115,2
DA:116,2
DA:117,2
DA:119,2
DA:124,63
DA:127,63
DA:129,63
DA:146,77
DA:155,77
DA:175,7
DA:178,136
LF:53
LH:53
BRDA:34,0,0,7
BRDA:34,0,1,0
BRDA:34,1,0,7
BRDA:34,1,1,7
BRDA:41,2,0,1
BRDA:41,2,1,6
BRDA:41,3,0,7
BRDA:41,3,1,1
BRDA:43,4,0,3
BRDA:43,4,1,3
BRDA:66,5,0,9
BRDA:66,5,1,44
BRDA:69,6,0,40
BRDA:69,6,1,4
BRDA:88,7,0,14
BRDA:88,7,1,53
BRDA:88,8,0,67
BRDA:88,8,1,55
BRDA:88,8,2,14
BRDA:90,9,0,12
BRDA:90,9,1,41
BRDA:98,10,0,1
BRDA:98,10,1,0
BRDA:98,11,0,1
BRDA:98,11,1,1
BRDA:107,12,0,1
BRDA:107,12,1,1
BRDA:115,13,0,2
BRDA:115,13,1,0
BRDA:115,14,0,2
BRDA:115,14,1,2
BRDA:119,15,0,2
BRDA:119,15,1,0
BRDA:143,16,0,63
BRDA:143,16,1,3
BRDA:152,17,0,63
BRDA:152,17,1,3
BRDA:162,18,0,63
BRDA:162,18,1,61
BRDA:178,19,0,0
BRDA:178,19,1,136
BRF:41
BRH:36
end_of_record
TN:
SF:/Users/eveessex/dev/positron/src/client/apps/edit/components/admin/components/article/article_video_release_date.tsx
FN:23,(anonymous_0)
FN:37,(anonymous_1)
FN:45,(anonymous_2)
FN:46,(anonymous_3)
FN:51,(anonymous_4)
FN:57,(anonymous_5)
FNF:6
FNH:6
FNDA:3,(anonymous_0)
FNDA:1,(anonymous_1)
FNDA:1,(anonymous_2)
FNDA:1,(anonymous_3)
FNDA:1,(anonymous_4)
FNDA:7,(anonymous_5)
DA:24,3
DA:26,3
DA:28,3
DA:38,1
DA:39,1
DA:41,1
DA:42,1
DA:46,1
DA:47,1
DA:52,1
DA:54,1
DA:58,7
DA:60,7
DA:86,6
LF:14
LH:14
BRDA:31,0,0,3
BRDA:31,0,1,0
BRDA:31,1,0,3
BRDA:31,1,1,3
BRDA:39,2,0,1
BRDA:39,2,1,0
BRDA:73,3,0,7
BRDA:73,3,1,6
BRF:8
BRH:6
end_of_record
TN:
SF:/Users/eveessex/dev/positron/src/client/apps/edit/components/admin/components/article/index.tsx
FN:42,(anonymous_0)
FN:57,(anonymous_1)
FN:73,(anonymous_2)
FN:86,(anonymous_3)
FN:94,(anonymous_4)
FN:95,(anonymous_5)
FN:100,(anonymous_6)
FN:101,(anonymous_7)
FN:106,(anonymous_8)
FN:127,(anonymous_9)
FN:134,(anonymous_10)
FN:147,(anonymous_11)
FN:156,(anonymous_12)
FN:177,(anonymous_13)
FN:195,(anonymous_14)
FN:216,(anonymous_15)
FN:229,(anonymous_16)
FN:243,(anonymous_17)
FN:258,(anonymous_18)
FN:267,(anonymous_19)
FN:280,(anonymous_20)
FN:312,(anonymous_21)
FN:328,(anonymous_22)
FN:347,(anonymous_23)
FNF:24
FNH:16
FNDA:26,(anonymous_0)
FNDA:22,(anonymous_1)
FNDA:0,(anonymous_2)
FNDA:3,(anonymous_3)
FNDA:1,(anonymous_4)
FNDA:1,(anonymous_5)
FNDA:1,(anonymous_6)
FNDA:1,(anonymous_7)
FNDA:28,(anonymous_8)
FNDA:0,(anonymous_9)
FNDA:1,(anonymous_10)
FNDA:0,(anonymous_11)
FNDA:1,(anonymous_12)
FNDA:0,(anonymous_13)
FNDA:1,(anonymous_14)
FNDA:0,(anonymous_15)
FNDA:0,(anonymous_16)
FNDA:0,(anonymous_17)
FNDA:1,(anonymous_18)
FNDA:1,(anonymous_19)
FNDA:1,(anonymous_20)
FNDA:0,(anonymous_21)
FNDA:5,(anonymous_22)
FNDA:280,(anonymous_23)
DA:43,26
DA:47,26
DA:48,26
DA:50,26
DA:58,22
DA:59,22
DA:61,22
DA:62,22
DA:63,22
DA:65,22
DA:66,1
DA:74,0
DA:75,0
DA:77,0
DA:78,0
DA:79,0
DA:82,21
DA:87,3
DA:88,3
DA:90,3
DA:91,3
DA:95,1
DA:96,1
DA:101,1
DA:102,1
DA:107,28
DA:108,28
DA:110,28
DA:112,28
DA:127,0
DA:134,1
DA:148,0
DA:157,1
DA:178,0
DA:196,1
DA:217,0
DA:230,0
DA:244,0
DA:259,1
DA:268,1
DA:281,1
DA:313,0
DA:328,6
DA:335,6
DA:344,6
DA:347,280
DA:350,6
LF:47
LH:35
BRDA:48,0,0,26
BRDA:48,0,1,25
BRDA:48,1,0,26
BRDA:48,1,1,23
BRDA:65,2,0,1
BRDA:65,2,1,21
BRDA:70,3,0,1
BRDA:70,3,1,0
BRDA:74,4,0,0
BRDA:74,4,1,0
BRDA:88,5,0,3
BRDA:88,5,1,0
BRDA:110,6,0,28
BRDA:110,6,1,12
BRDA:119,7,0,28
BRDA:119,7,1,25
BRDA:119,7,2,19
BRDA:126,8,0,1
BRDA:126,8,1,18
BRDA:133,9,0,0
BRDA:133,9,1,19
BRDA:146,10,0,1
BRDA:146,10,1,18
BRDA:155,11,0,18
BRDA:155,11,1,1
BRDA:169,12,0,28
BRDA:169,12,1,22
BRDA:171,13,0,22
BRDA:171,13,1,14
BRDA:181,14,0,14
BRDA:181,14,1,0
BRDA:191,15,0,0
BRDA:191,15,1,14
BRDA:205,16,0,22
BRDA:205,16,1,5
BRDA:254,17,0,28
BRDA:254,17,1,22
BRDA:277,18,0,22
BRDA:277,18,1,5
BRDA:300,19,0,28
BRDA:300,19,1,5
BRDA:306,20,0,28
BRDA:306,20,1,22
BRDA:311,21,0,22
BRDA:311,21,1,21
BRF:45
BRH:38
end_of_record
TN:
SF:/Users/eveessex/dev/positron/src/client/apps/edit/components/admin/components/featuring/featuring_mentioned.tsx
FN:7,(anonymous_0)
FNF:1
FNH:1
FNDA:6,(anonymous_0)
DA:7,5
DA:8,6
DA:11,6
DA:13,6
LF:4
LH:4
BRDA:11,0,0,4
BRDA:11,0,1,2
BRF:2
BRH:2
end_of_record
TN:
SF:/Users/eveessex/dev/positron/src/client/apps/edit/components/admin/components/featuring/index.tsx
FN:6,(anonymous_0)
FNF:1
FNH:1
FNDA:2,(anonymous_0)
DA:6,4
DA:7,2
LF:2
LH:2
BRF:0
BRH:0
end_of_record
TN:
SF:/Users/eveessex/dev/positron/src/client/apps/edit/components/admin/components/featuring/mentioned_list.tsx
FN:26,(anonymous_0)
FN:36,(anonymous_1)
FN:42,(anonymous_2)
FN:43,(anonymous_3)
FN:51,(anonymous_4)
FN:57,(anonymous_5)
FN:58,(anonymous_6)
FN:66,(anonymous_7)
FN:70,(anonymous_8)
FN:78,(anonymous_9)
FN:91,(anonymous_10)
FN:94,(anonymous_11)
FN:99,(anonymous_12)
FN:107,(anonymous_13)
FN:116,(anonymous_14)
FN:123,(anonymous_15)
FN:131,(anonymous_16)
FN:135,(anonymous_17)
FN:141,(anonymous_18)
FNF:19
FNH:16
FNDA:19,(anonymous_0)
FNDA:12,(anonymous_1)
FNDA:1,(anonymous_2)
FNDA:0,(anonymous_3)
FNDA:5,(anonymous_4)
FNDA:1,(anonymous_5)
FNDA:0,(anonymous_6)
FNDA:36,(anonymous_7)
FNDA:27,(anonymous_8)
FNDA:39,(anonymous_9)
FNDA:1,(anonymous_10)
FNDA:1,(anonymous_11)
FNDA:10,(anonymous_12)
FNDA:0,(anonymous_13)
FNDA:17,(anonymous_14)
FNDA:1,(anonymous_15)
FNDA:17,(anonymous_16)
FNDA:10,(anonymous_17)
FNDA:6,(anonymous_18)
DA:14,6
DA:15,6
DA:27,19
DA:29,19
DA:30,13
DA:32,6
DA:37,12
DA:38,12
DA:39,12
DA:41,12
DA:43,1
DA:44,0
DA:46,1
DA:52,5
DA:53,5
DA:54,5
DA:56,5
DA:58,1
DA:59,0
DA:61,1
DA:67,36
DA:68,36
DA:70,36
DA:71,27
DA:72,22
DA:75,36
DA:79,39
DA:82,39
DA:83,30
DA:85,9
DA:88,39
DA:92,1
DA:94,1
DA:95,1
DA:100,10
DA:101,10
DA:103,10
DA:104,10
DA:107,0
DA:117,17
DA:118,17
DA:120,17
DA:121,10
DA:123,1
DA:132,17
DA:135,10
DA:141,6
DA:147,6
DA:157,6
DA:176,6
LF:50
LH:47
BRDA:29,0,0,13
BRDA:29,0,1,6
BRDA:71,1,0,22
BRDA:71,1,1,5
BRDA:82,2,0,30
BRDA:82,2,1,9
BRDA:83,3,0,30
BRDA:83,3,1,16
BRDA:85,4,0,9
BRDA:85,4,1,9
BRDA:103,5,0,10
BRDA:103,5,1,0
BRDA:120,6,0,10
BRDA:120,6,1,7
BRF:14
BRH:13
end_of_record
TN:
SF:/Users/eveessex/dev/positron/src/client/apps/edit/components/content/index.tsx
FN:19,(anonymous_0)
FN:38,(anonymous_1)
FN:49,(anonymous_2)
FN:59,(anonymous_3)
FNF:4
FNH:4
FNDA:11,(anonymous_0)
FNDA:11,(anonymous_1)
FNDA:8,(anonymous_2)
FNDA:22,(anonymous_3)
DA:20,11
DA:22,11
DA:24,1
DA:27,1
DA:30,0
DA:33,9
DA:39,11
DA:41,11
DA:49,8
DA:55,2
DA:60,22
LF:11
LH:10
BRDA:22,0,0,1
BRDA:22,0,1,1
BRDA:22,0,2,0
BRDA:22,0,3,9
BRDA:42,1,0,11
BRDA:42,1,1,0
BRDA:60,2,0,22
BRDA:60,2,1,20
BRDA:60,2,2,4
BRF:9
BRH:7
end_of_record
TN:
SF:/Users/eveessex/dev/positron/src/client/apps/edit/components/content/article_layouts/article.tsx
FN:21,(anonymous_0)
FN:36,(anonymous_1)
FNF:2
FNH:2
FNDA:14,(anonymous_0)
FNDA:9,(anonymous_1)
DA:22,14
DA:23,14
DA:25,14
DA:36,9
LF:4
LH:4
BRDA:23,0,0,14
BRDA:23,0,1,14
BRDA:27,1,0,14
BRDA:27,1,1,1
BRF:4
BRH:4
end_of_record
TN:
SF:/Users/eveessex/dev/positron/src/client/apps/edit/components/content/article_layouts/news.tsx
FN:27,(anonymous_0)
FN:33,(anonymous_1)
FN:39,(anonymous_2)
FN:46,(anonymous_3)
FN:55,(anonymous_4)
FN:63,(anonymous_5)
FN:83,(anonymous_6)
FNF:7
FNH:4
FNDA:7,(anonymous_0)
FNDA:0,(anonymous_1)
FNDA:7,(anonymous_2)
FNDA:1,(anonymous_3)
FNDA:0,(anonymous_4)
FNDA:7,(anonymous_5)
FNDA:0,(anonymous_6)
DA:28,7
DA:30,7
DA:33,0
DA:40,7
DA:41,7
DA:42,7
DA:44,7
DA:47,1
DA:56,0
DA:57,0
DA:58,0
DA:59,0
DA:64,7
DA:66,7
DA:83,3
DA:87,3
DA:98,3
DA:110,3
LF:18
LH:13
BRDA:42,0,0,7
BRDA:42,0,1,7
BRDA:50,1,0,6
BRDA:50,1,1,1
BRDA:50,2,0,7
BRDA:50,2,1,6
BRDA:58,3,0,0
BRDA:58,3,1,0
BRDA:72,4,0,7
BRDA:72,4,1,1
BRF:10
BRH:8
end_of_record
TN:
SF:/Users/eveessex/dev/positron/src/client/apps/edit/components/content/article_layouts/series.tsx
FN:34,(anonymous_0)
FN:44,(anonymous_1)
FN:50,(anonymous_2)
FN:56,(anonymous_3)
FN:64,(anonymous_4)
FN:71,(anonymous_5)
FN:81,(anonymous_6)
FN:88,(anonymous_7)
FN:101,(anonymous_8)
FN:103,(anonymous_9)
FN:132,(anonymous_10)
FNF:11
FNH:9
FNDA:1,(anonymous_0)
FNDA:10,(anonymous_1)
FNDA:1,(anonymous_2)
FNDA:10,(anonymous_3)
FNDA:1,(anonymous_4)
FNDA:10,(anonymous_5)
FNDA:0,(anonymous_6)
FNDA:10,(anonymous_7)
FNDA:1,(anonymous_8)
FNDA:0,(anonymous_9)
FNDA:1,(anonymous_10)
DA:35,1
DA:36,1
DA:41,1
DA:45,10
DA:47,10
DA:50,1
DA:57,10
DA:58,10
DA:60,10
DA:64,1
DA:72,10
DA:73,10
DA:75,10
DA:81,0
DA:89,10
DA:90,10
DA:91,10
DA:93,10
DA:101,1
DA:103,0
DA:132,3
DA:136,3
DA:145,3
DA:172,3
LF:24
LH:22
BRDA:58,0,0,10
BRDA:58,0,1,9
BRDA:73,1,0,10
BRDA:73,1,1,9
BRDA:76,2,0,10
BRDA:76,2,1,0
BRDA:78,3,0,10
BRDA:78,3,1,2
BRDA:91,4,0,10
BRDA:91,4,1,2
BRDA:95,5,0,10
BRDA:95,5,1,0
BRDA:102,6,0,7
BRDA:102,6,1,3
BRF:14
BRH:12
end_of_record
TN:
SF:/Users/eveessex/dev/positron/src/client/apps/edit/components/content/article_layouts/video.tsx
FN:41,(anonymous_0)
FN:49,(anonymous_1)
FN:55,(anonymous_2)
FN:61,(anonymous_3)
FN:67,(anonymous_4)
FN:73,(anonymous_5)
FN:82,(anonymous_6)
FN:89,(anonymous_7)
FN:99,(anonymous_8)
FN:106,(anonymous_9)
FN:125,(anonymous_10)
FN:127,(anonymous_11)
FN:136,(anonymous_12)
FN:138,(anonymous_13)
FN:153,(anonymous_14)
FNF:15
FNH:7
FNDA:4,(anonymous_0)
FNDA:5,(anonymous_1)
FNDA:0,(anonymous_2)
FNDA:5,(anonymous_3)
FNDA:0,(anonymous_4)
FNDA:5,(anonymous_5)
FNDA:0,(anonymous_6)
FNDA:5,(anonymous_7)
FNDA:0,(anonymous_8)
FNDA:5,(anonymous_9)
FNDA:0,(anonymous_10)
FNDA:0,(anonymous_11)
FNDA:0,(anonymous_12)
FNDA:0,(anonymous_13)
FNDA:1,(anonymous_14)
DA:42,4
DA:43,4
DA:45,4
DA:46,4
DA:50,5
DA:52,5
DA:55,0
DA:62,5
DA:64,5
DA:67,0
DA:74,5
DA:75,5
DA:77,5
DA:82,0
DA:90,5
DA:91,5
DA:93,5
DA:99,0
DA:107,5
DA:108,5
DA:109,5
DA:111,5
DA:125,0
DA:127,0
DA:136,0
DA:138,0
DA:153,3
DA:157,3
DA:166,3
DA:169,3
DA:173,3
LF:31
LH:23
BRDA:43,0,0,4
BRDA:43,0,1,0
BRDA:75,1,0,5
BRDA:75,1,1,5
BRDA:78,2,0,5
BRDA:78,2,1,0
BRDA:80,3,0,5
BRDA:80,3,1,0
BRDA:91,4,0,5
BRDA:91,4,1,5
BRDA:94,5,0,5
BRDA:94,5,1,0
BRDA:97,6,0,5
BRDA:97,6,1,0
BRDA:109,7,0,5
BRDA:109,7,1,0
BRDA:113,8,0,5
BRDA:113,8,1,0
BRDA:126,9,0,5
BRDA:126,9,1,0
BRDA:137,10,0,5
BRDA:137,10,1,0
BRF:22
BRH:13
end_of_record
TN:
SF:/Users/eveessex/dev/positron/src/client/apps/edit/components/content/section_container/index.tsx
FN:40,(anonymous_0)
FN:49,(anonymous_1)
FN:74,(anonymous_2)
FN:84,(anonymous_3)
FN:118,(anonymous_4)
FN:162,(anonymous_5)
FN:183,(anonymous_6)
FN:186,(anonymous_7)
FN:188,(anonymous_8)
FN:206,(anonymous_9)
FN:240,(anonymous_10)
FN:252,(anonymous_11)
FN:261,(anonymous_12)
FNF:13
FNH:13
FNDA:452,(anonymous_0)
FNDA:3,(anonymous_1)
FNDA:3,(anonymous_2)
FNDA:446,(anonymous_3)
FNDA:446,(anonymous_4)
FNDA:430,(anonymous_5)
FNDA:892,(anonymous_6)
FNDA:892,(anonymous_7)
FNDA:892,(anonymous_8)
FNDA:892,(anonymous_9)
FNDA:1724,(anonymous_10)
FNDA:870,(anonymous_11)
FNDA:854,(anonymous_12)
DA:23,7
DA:41,452
DA:42,452
DA:43,8
DA:45,444
DA:56,3
DA:60,3
DA:62,0
DA:65,3
DA:67,3
DA:69,2
DA:71,3
DA:75,3
DA:77,3
DA:78,2
DA:80,1
DA:85,446
DA:87,446
DA:89,24
DA:92,12
DA:97,142
DA:101,259
DA:102,11
DA:104,248
DA:109,8
DA:113,0
DA:119,446
DA:120,446
DA:121,446
DA:122,446
DA:124,446
DA:162,430
DA:167,7
DA:177,7
DA:183,892
DA:186,892
DA:189,892
DA:195,7
DA:207,892
DA:216,7
DA:225,7
DA:234,7
DA:241,1724
DA:247,7
DA:253,870
DA:259,7
DA:262,854
LF:47
LH:45
BRDA:42,0,0,8
BRDA:42,0,1,444
BRDA:60,1,0,0
BRDA:60,1,1,3
BRDA:65,2,0,2
BRDA:65,2,1,1
BRDA:67,3,0,2
BRDA:67,3,1,1
BRDA:77,4,0,2
BRDA:77,4,1,1
BRDA:87,5,0,24
BRDA:87,5,1,12
BRDA:87,5,2,3
BRDA:87,5,3,27
BRDA:87,5,4,142
BRDA:87,5,5,259
BRDA:87,5,6,8
BRDA:87,5,7,0
BRDA:101,6,0,11
BRDA:101,6,1,248
BRDA:128,7,0,446
BRDA:128,7,1,438
BRDA:132,8,0,446
BRDA:132,8,1,435
BRDA:134,9,0,435
BRDA:134,9,1,427
BRDA:152,10,0,446
BRDA:152,10,1,11
BRDA:152,10,2,8
BRDA:186,11,0,10
BRDA:186,11,1,882
BRDA:189,12,0,892
BRDA:189,12,1,16
BRDA:207,13,0,892
BRDA:207,13,1,22
BRDA:211,14,0,6
BRDA:211,14,1,16
BRDA:241,15,0,1724
BRDA:241,15,1,20
BRDA:253,16,0,870
BRDA:253,16,1,10
BRDA:262,17,0,854
BRDA:262,17,1,10
BRF:43
BRH:41
end_of_record
TN:
SF:/Users/eveessex/dev/positron/src/client/apps/edit/components/content/section_controls/index.jsx
FN:28,(anonymous_0)
FN:34,(anonymous_1)
FN:38,(anonymous_2)
FN:46,(anonymous_3)
FN:52,(anonymous_4)
FN:70,(anonymous_5)
FN:82,(anonymous_6)
FN:96,(anonymous_7)
FN:117,(anonymous_8)
FN:136,(anonymous_9)
FN:154,(anonymous_10)
FN:163,(anonymous_11)
FN:164,(anonymous_12)
FN:165,(anonymous_13)
FN:166,(anonymous_14)
FN:171,(anonymous_15)
FN:177,(anonymous_16)
FNF:17
FNH:17
FNDA:72,(anonymous_0)
FNDA:1,(anonymous_1)
FNDA:75,(anonymous_2)
FNDA:91,(anonymous_3)
FNDA:86,(anonymous_4)
FNDA:75,(anonymous_5)
FNDA:74,(anonymous_6)
FNDA:75,(anonymous_7)
FNDA:84,(anonymous_8)
FNDA:97,(anonymous_9)
FNDA:63,(anonymous_10)
FNDA:168,(anonymous_11)
FNDA:168,(anonymous_12)
FNDA:168,(anonymous_13)
FNDA:168,(anonymous_14)
FNDA:168,(anonymous_15)
FNDA:168,(anonymous_16)
DA:29,72
DA:31,72
DA:35,1
DA:39,75
DA:41,75
DA:42,9
DA:47,91
DA:49,91
DA:53,86
DA:54,86
DA:56,86
DA:57,14
DA:58,14
DA:59,14
DA:61,14
DA:63,14
DA:64,10
DA:67,76
DA:71,75
DA:72,75
DA:73,75
DA:75,75
DA:76,75
DA:78,75
DA:83,74
DA:84,74
DA:85,74
DA:86,74
DA:87,74
DA:89,74
DA:90,74
DA:92,74
DA:97,75
DA:98,75
DA:99,75
DA:101,75
DA:102,75
DA:103,75
DA:105,75
DA:106,63
DA:110,9
DA:113,75
DA:125,84
DA:126,84
DA:128,84
DA:129,84
DA:130,84
DA:131,84
DA:132,84
DA:134,84
DA:137,97
DA:154,63
DA:162,19
DA:163,168
DA:164,168
DA:165,168
DA:166,168
DA:172,168
DA:178,168
LF:59
LH:59
BRDA:41,0,0,9
BRDA:41,0,1,66
BRDA:49,1,0,3
BRDA:49,1,1,88
BRDA:56,2,0,14
BRDA:56,2,1,72
BRDA:63,3,0,10
BRDA:63,3,1,4
BRDA:63,4,0,14
BRDA:63,4,1,10
BRDA:71,5,0,75
BRDA:71,5,1,0
BRDA:83,6,0,74
BRDA:83,6,1,0
BRDA:98,7,0,75
BRDA:98,7,1,0
BRDA:105,8,0,63
BRDA:105,8,1,12
BRDA:105,9,0,75
BRDA:105,9,1,75
BRDA:106,10,0,9
BRDA:106,10,1,54
BRDA:107,11,0,63
BRDA:107,11,1,63
BRDA:107,11,2,54
BRDA:107,11,3,0
BRDA:128,12,0,11
BRDA:128,12,1,73
BRDA:129,13,0,9
BRDA:129,13,1,75
BRDA:132,14,0,84
BRDA:132,14,1,73
BRDA:145,15,0,73
BRDA:145,15,1,11
BRDA:147,16,0,84
BRDA:147,16,1,57
BRDA:166,17,0,4
BRDA:166,17,1,164
BRDA:172,18,0,168
BRDA:172,18,1,8
BRDA:178,19,0,168
BRDA:178,19,1,22
BRF:42
BRH:38
end_of_record
TN:
SF:/Users/eveessex/dev/positron/src/client/apps/edit/components/content/section_controls/layout.jsx
FN:16,(anonymous_0)
FN:32,(anonymous_1)
FN:41,(anonymous_2)
FN:51,(anonymous_3)
FN:57,(anonymous_4)
FN:68,(anonymous_5)
FN:76,(anonymous_6)
FN:82,(anonymous_7)
FN:90,(anonymous_8)
FN:110,(anonymous_9)
FNF:10
FNH:9
FNDA:3,(anonymous_0)
FNDA:2,(anonymous_1)
FNDA:58,(anonymous_2)
FNDA:119,(anonymous_3)
FNDA:58,(anonymous_4)
FNDA:58,(anonymous_5)
FNDA:0,(anonymous_6)
FNDA:2,(anonymous_7)
FNDA:1,(anonymous_8)
FNDA:46,(anonymous_9)
DA:17,3
DA:18,3
DA:20,3
DA:21,3
DA:23,3
DA:24,1
DA:26,2
DA:27,1
DA:29,2
DA:33,2
DA:35,2
DA:36,1
DA:37,1
DA:42,58
DA:44,58
DA:45,58
DA:46,58
DA:48,58
DA:52,119
DA:54,119
DA:58,58
DA:60,58
DA:61,58
DA:62,58
DA:63,58
DA:65,58
DA:69,58
DA:71,58
DA:76,0
DA:82,2
DA:90,1
DA:110,46
DA:116,20
LF:33
LH:32
BRDA:23,0,0,1
BRDA:23,0,1,2
BRDA:23,1,0,3
BRDA:23,1,1,1
BRDA:23,1,2,1
BRDA:26,2,0,1
BRDA:26,2,1,1
BRDA:35,3,0,1
BRDA:35,3,1,1
BRDA:48,4,0,58
BRDA:48,4,1,37
BRDA:48,4,2,28
BRDA:63,5,0,58
BRDA:63,5,1,38
BRDA:65,6,0,58
BRDA:65,6,1,5
BRDA:86,7,0,58
BRDA:86,7,1,5
BRDA:97,8,0,58
BRDA:97,8,1,31
BRF:20
BRH:20
end_of_record
TN:
SF:/Users/eveessex/dev/positron/src/client/apps/edit/components/content/section_list/index.tsx
FN:27,(anonymous_0)
FN:35,(anonymous_1)
FN:50,(anonymous_2)
FN:53,(anonymous_3)
FN:71,(anonymous_4)
FN:86,(anonymous_5)
FN:122,(anonymous_6)
FN:135,(anonymous_7)
FN:142,(anonymous_8)
FNF:9
FNH:8
FNDA:1,(anonymous_0)
FNDA:1,(anonymous_1)
FNDA:30,(anonymous_2)
FNDA:426,(anonymous_3)
FNDA:0,(anonymous_4)
FNDA:30,(anonymous_5)
FNDA:60,(anonymous_6)
FNDA:60,(anonymous_7)
FNDA:20,(anonymous_8)
DA:15,5
DA:28,1
DA:30,1
DA:32,1
DA:40,1
DA:42,1
DA:43,1
DA:47,0
DA:51,30
DA:52,30
DA:53,30
DA:54,426
DA:56,426
DA:57,426
DA:58,1
DA:62,426
DA:63,426
DA:71,0
DA:87,30
DA:89,30
DA:118,5
DA:123,60
DA:134,5
DA:136,60
DA:142,20
DA:148,5
LF:26
LH:24
BRDA:30,0,0,1
BRDA:30,0,1,1
BRDA:32,1,0,1
BRDA:32,1,1,1
BRDA:42,2,0,1
BRDA:42,2,1,0
BRDA:42,3,0,1
BRDA:42,3,1,1
BRDA:52,4,0,30
BRDA:52,4,1,0
BRDA:56,5,0,2
BRDA:56,5,1,424
BRDA:57,6,0,1
BRDA:57,6,1,425
BRDA:57,7,0,426
BRDA:57,7,1,19
BRDA:57,7,2,1
BRDA:62,8,0,426
BRDA:62,8,1,0
BRDA:93,9,0,30
BRDA:93,9,1,0
BRDA:100,10,0,28
BRDA:100,10,1,2
BRDA:100,11,0,30
BRDA:100,11,1,30
BRDA:123,12,0,60
BRDA:123,12,1,36
BRDA:136,13,0,60
BRDA:136,13,1,36
BRF:29
BRH:25
end_of_record
TN:
SF:/Users/eveessex/dev/positron/src/client/apps/edit/components/content/section_tool/index.jsx
FN:35,(anonymous_0)
FN:39,(anonymous_1)
FN:46,(anonymous_2)
FN:54,(anonymous_3)
FN:58,(anonymous_4)
FN:63,(anonymous_5)
FN:72,(anonymous_6)
FN:84,(anonymous_7)
FN:90,(anonymous_8)
FN:97,(anonymous_9)
FN:105,(anonymous_10)
FN:114,(anonymous_11)
FN:125,(anonymous_12)
FN:168,(anonymous_13)
FN:189,(anonymous_14)
FN:193,(anonymous_15)
FN:201,(anonymous_16)
FN:205,(anonymous_17)
FN:239,(anonymous_18)
FN:246,(anonymous_19)
FN:250,(anonymous_20)
FNF:21
FNH:21
FNDA:18,(anonymous_0)
FNDA:5,(anonymous_1)
FNDA:2,(anonymous_2)
FNDA:11,(anonymous_3)
FNDA:1,(anonymous_4)
FNDA:1,(anonymous_5)
FNDA:491,(anonymous_6)
FNDA:1,(anonymous_7)
FNDA:1,(anonymous_8)
FNDA:1,(anonymous_9)
FNDA:1,(anonymous_10)
FNDA:1,(anonymous_11)
FNDA:502,(anonymous_12)
FNDA:457,(anonymous_13)
FNDA:1004,(anonymous_14)
FNDA:1004,(anonymous_15)
FNDA:1004,(anonymous_16)
FNDA:1004,(anonymous_17)
FNDA:1004,(anonymous_18)
FNDA:1004,(anonymous_19)
FNDA:1004,(anonymous_20)
DA:36,18
DA:40,5
DA:42,5
DA:43,5
DA:47,2
DA:49,2
DA:50,2
DA:51,2
DA:55,11
DA:56,4
DA:58,1
DA:63,1
DA:77,491
DA:78,491
DA:79,491
DA:81,491
DA:82,14
DA:84,1
DA:90,1
DA:97,1
DA:105,1
DA:114,1
DA:133,502
DA:134,502
DA:136,502
DA:137,502
DA:138,502
DA:139,502
DA:141,502
DA:168,457
DA:173,7
DA:183,7
DA:189,1004
DA:194,1004
DA:202,1004
DA:206,1004
DA:213,7
DA:239,1004
DA:247,1004
DA:251,1004
DA:280,7
DA:289,7
LF:42
LH:42
BRDA:55,0,0,4
BRDA:55,0,1,7
BRDA:81,1,0,14
BRDA:81,1,1,477
BRDA:93,2,0,3
BRDA:93,2,1,11
BRDA:96,3,0,14
BRDA:96,3,1,11
BRDA:103,4,0,14
BRDA:103,4,1,12
BRDA:103,4,2,9
BRDA:111,5,0,14
BRDA:111,5,1,11
BRDA:111,5,2,10
BRDA:136,6,0,502
BRDA:136,6,1,501
BRDA:136,6,2,33
BRDA:137,7,0,502
BRDA:137,7,1,501
BRDA:139,8,0,502
BRDA:139,8,1,500
BRDA:139,8,2,437
BRDA:157,9,0,495
BRDA:157,9,1,7
BRDA:157,10,0,502
BRDA:157,10,1,484
BRDA:162,11,0,11
BRDA:162,11,1,491
BRDA:189,12,0,1004
BRDA:189,12,1,0
BRDA:194,13,0,1004
BRDA:194,13,1,44
BRDA:202,14,0,1004
BRDA:202,14,1,36
BRDA:206,15,0,1004
BRDA:206,15,1,152
BRDA:206,15,2,130
BRDA:247,16,0,1004
BRDA:247,16,1,852
BRDA:247,16,2,152
BRDA:251,17,0,1004
BRDA:251,17,1,152
BRDA:251,17,2,116
BRDA:251,17,3,102
BRF:44
BRH:43
end_of_record
TN:
SF:/Users/eveessex/dev/positron/src/client/apps/edit/components/content/sections/slideshow
FN:15,(anonymous_0)
FN:16,(anonymous_1)
FN:19,(anonymous_3)
FN:22,(anonymous_4)
FN:23,(anonymous_5)
FN:25,(anonymous_7)
FN:30,(anonymous_8)
FNF:7
FNH:0
FNDA:0,(anonymous_0)
FNDA:0,(anonymous_1)
FNDA:0,(anonymous_3)
FNDA:0,(anonymous_4)
FNDA:0,(anonymous_5)
FNDA:0,(anonymous_7)
FNDA:0,(anonymous_8)
DA:6,7
DA:7,7
DA:8,7
DA:9,7
DA:10,7
DA:12,7
DA:24,0
DA:25,0
DA:26,0
DA:31,0
DA:36,0
DA:38,0
LF:12
LH:6
BRDA:31,0,0,0
BRDA:31,0,1,0
BRDA:38,1,0,0
BRDA:38,1,1,0
BRDA:46,2,0,0
BRDA:46,2,1,0
BRDA:48,3,0,0
BRDA:48,3,1,0
BRF:8
BRH:0
end_of_record
TN:
SF:/Users/eveessex/dev/positron/src/client/apps/edit/components/content/sections/embed/controls.tsx
FN:21,(anonymous_0)
FN:29,(anonymous_1)
FN:42,(anonymous_2)
FN:55,(anonymous_3)
FN:66,(anonymous_4)
FN:79,(anonymous_5)
FNF:6
FNH:6
FNDA:1,(anonymous_0)
FNDA:7,(anonymous_1)
FNDA:1,(anonymous_2)
FNDA:1,(anonymous_3)
FNDA:1,(anonymous_4)
FNDA:1,(anonymous_5)
DA:22,1
DA:24,1
DA:25,1
DA:30,7
DA:32,7
DA:43,1
DA:56,1
DA:67,1
DA:79,9
DA:83,9
LF:10
LH:10
BRDA:24,0,0,1
BRDA:24,0,1,0
BRDA:41,1,0,7
BRDA:41,1,1,1
BRDA:54,2,0,7
BRDA:54,2,1,1
BRDA:65,3,0,7
BRDA:65,3,1,1
BRF:8
BRH:7
end_of_record
TN:
SF:/Users/eveessex/dev/positron/src/client/apps/edit/components/content/sections/embed/index.tsx
FN:13,(anonymous_0)
FNF:1
FNH:1
FNDA:27,(anonymous_0)
DA:13,8
DA:17,27
LF:2
LH:2
BRDA:19,0,0,27
BRDA:19,0,1,1
BRDA:21,1,0,19
BRDA:21,1,1,8
BRF:4
BRH:4
end_of_record
TN:
SF:/Users/eveessex/dev/positron/src/client/apps/edit/components/content/sections/footer/index.tsx
FN:17,(anonymous_0)
FN:30,(anonymous_1)
FN:41,(anonymous_2)
FN:56,(anonymous_3)
FN:65,(anonymous_4)
FNF:5
FNH:4
FNDA:17,(anonymous_0)
FNDA:0,(anonymous_1)
FNDA:14,(anonymous_2)
FNDA:34,(anonymous_3)
FNDA:12,(anonymous_4)
DA:18,17
DA:19,17
DA:21,17
DA:30,0
DA:41,14
DA:46,4
DA:55,4
DA:57,34
DA:63,4
DA:65,12
LF:10
LH:9
BRDA:23,0,0,17
BRDA:23,0,1,6
BRDA:29,1,0,6
BRDA:29,1,1,1
BRDA:57,2,0,34
BRDA:57,2,1,18
BRDA:65,3,0,12
BRDA:65,3,1,0
BRF:8
BRH:7
end_of_record
TN:
SF:/Users/eveessex/dev/positron/src/client/apps/edit/components/content/sections/header/index.tsx
FN:48,(anonymous_0)
FN:52,(anonymous_1)
FN:59,(anonymous_2)
FN:66,(anonymous_3)
FN:72,(anonymous_4)
FN:78,(anonymous_5)
FN:84,(anonymous_6)
FN:92,(anonymous_7)
FN:108,(anonymous_8)
FN:124,(anonymous_9)
FN:137,(anonymous_10)
FN:144,(anonymous_11)
FN:152,(anonymous_12)
FN:198,(anonymous_13)
FN:245,(anonymous_14)
FN:251,(anonymous_15)
FN:258,(anonymous_16)
FN:273,(anonymous_17)
FN:312,(anonymous_18)
FN:323,(anonymous_19)
FN:332,(anonymous_20)
FN:361,(anonymous_21)
FNF:22
FNH:21
FNDA:0,(anonymous_0)
FNDA:34,(anonymous_1)
FNDA:1,(anonymous_2)
FNDA:17,(anonymous_3)
FNDA:1,(anonymous_4)
FNDA:15,(anonymous_5)
FNDA:1,(anonymous_6)
FNDA:17,(anonymous_7)
FNDA:1,(anonymous_8)
FNDA:34,(anonymous_9)
FNDA:5,(anonymous_10)
FNDA:1,(anonymous_11)
FNDA:34,(anonymous_12)
FNDA:14,(anonymous_13)
FNDA:68,(anonymous_14)
FNDA:68,(anonymous_15)
FNDA:68,(anonymous_16)
FNDA:68,(anonymous_17)
FNDA:30,(anonymous_18)
FNDA:30,(anonymous_19)
FNDA:30,(anonymous_20)
FNDA:30,(anonymous_21)
DA:49,0
DA:53,34
DA:55,34
DA:59,1
DA:67,17
DA:69,17
DA:72,1
DA:79,15
DA:81,15
DA:84,1
DA:93,17
DA:94,17
DA:95,17
DA:97,17
DA:98,17
DA:99,17
DA:101,17
DA:102,13
DA:107,4
DA:108,2
DA:110,2
DA:125,34
DA:126,34
DA:127,34
DA:128,22
DA:129,12
DA:130,0
DA:132,34
DA:138,5
DA:140,5
DA:144,1
DA:153,34
DA:154,34
DA:155,34
DA:156,34
DA:158,34
DA:159,5
DA:170,29
DA:171,29
DA:172,29
DA:173,29
DA:175,29
DA:198,14
DA:202,4
DA:212,4
DA:246,68
DA:252,68
DA:259,68
DA:274,68
DA:284,4
DA:292,4
DA:313,30
DA:324,30
DA:333,30
DA:362,30
LF:55
LH:53
BRDA:97,0,0,17
BRDA:97,0,1,17
BRDA:98,1,0,17
BRDA:98,1,1,15
BRDA:99,2,0,14
BRDA:99,2,1,3
BRDA:101,3,0,13
BRDA:101,3,1,4
BRDA:101,4,0,17
BRDA:101,4,1,14
BRDA:107,5,0,2
BRDA:107,5,1,2
BRDA:118,6,0,2
BRDA:118,6,1,0
BRDA:127,7,0,22
BRDA:127,7,1,12
BRDA:127,8,0,34
BRDA:127,8,1,22
BRDA:129,9,0,0
BRDA:129,9,1,12
BRDA:156,10,0,34
BRDA:156,10,1,16
BRDA:158,11,0,5
BRDA:158,11,1,29
BRDA:170,12,0,17
BRDA:170,12,1,12
BRDA:170,13,0,17
BRDA:170,13,1,0
BRDA:171,14,0,29
BRDA:171,14,1,0
BRDA:172,15,0,29
BRDA:172,15,1,15
BRDA:173,16,0,29
BRDA:173,16,1,14
BRDA:177,17,0,29
BRDA:177,17,1,17
BRDA:182,18,0,17
BRDA:182,18,1,12
BRDA:184,19,0,17
BRDA:184,19,1,12
BRDA:184,20,0,29
BRDA:184,20,1,17
BRDA:190,21,0,13
BRDA:190,21,1,16
BRDA:246,22,0,68
BRDA:246,22,1,34
BRDA:252,23,0,68
BRDA:252,23,1,34
BRDA:252,23,2,38
BRDA:259,24,0,68
BRDA:259,24,1,4
BRDA:274,25,0,68
BRDA:274,25,1,2
BRDA:313,26,0,30
BRDA:313,26,1,2
BRDA:324,27,0,30
BRDA:324,27,1,0
BRDA:333,28,0,30
BRDA:333,28,1,28
BRDA:362,29,0,30
BRDA:362,29,1,4
BRDA:362,29,2,2
BRF:62
BRH:57
end_of_record
TN:
SF:/Users/eveessex/dev/positron/src/client/apps/edit/components/content/sections/header/controls/LayoutControls.tsx
FN:16,(anonymous_0)
FN:29,(anonymous_1)
FN:36,(anonymous_2)
FN:43,(anonymous_3)
FN:50,(anonymous_4)
FN:72,(anonymous_5)
FN:100,(anonymous_6)
FNF:7
FNH:7
FNDA:43,(anonymous_0)
FNDA:1,(anonymous_1)
FNDA:1,(anonymous_2)
FNDA:1,(anonymous_3)
FNDA:1,(anonymous_4)
FNDA:86,(anonymous_5)
FNDA:43,(anonymous_6)
DA:16,6
DA:17,43
DA:19,43
DA:29,1
DA:36,1
DA:43,1
DA:50,1
DA:62,6
DA:71,6
DA:72,86
DA:76,6
DA:83,6
DA:100,6
DA:101,43
DA:103,43
DA:104,21
DA:106,22
LF:17
LH:17
BRDA:27,0,0,43
BRDA:27,0,1,9
BRDA:103,1,0,21
BRDA:103,1,1,22
BRDA:103,2,0,43
BRDA:103,2,1,43
BRDA:103,2,2,22
BRDA:103,2,3,21
BRF:8
BRH:8
end_of_record
TN:
SF:/Users/eveessex/dev/positron/src/client/apps/edit/components/content/sections/header/controls/VideoControls.tsx
FN:15,(anonymous_0)
FNF:1
FNH:1
FNDA:12,(anonymous_0)
DA:15,6
DA:16,12
DA:18,12
DA:39,6
DA:41,6
DA:51,6
LF:6
LH:6
BRDA:24,0,0,12
BRDA:24,0,1,4
BRF:2
BRH:2
end_of_record
TN:
SF:/Users/eveessex/dev/positron/src/client/apps/edit/components/content/sections/header/controls/index.tsx
FN:30,(anonymous_0)
FN:38,(anonymous_1)
FN:63,(anonymous_2)
FN:74,(anonymous_3)
FN:82,(anonymous_4)
FN:89,(anonymous_5)
FN:96,(anonymous_6)
FNF:7
FNH:7
FNDA:26,(anonymous_0)
FNDA:6,(anonymous_1)
FNDA:36,(anonymous_2)
FNDA:2,(anonymous_3)
FNDA:2,(anonymous_4)
FNDA:2,(anonymous_5)
FNDA:17,(anonymous_6)
DA:31,26
DA:33,26
DA:34,4
DA:39,6
DA:41,6
DA:43,2
DA:49,2
DA:55,2
DA:64,36
DA:65,36
DA:67,36
DA:68,36
DA:69,36
DA:71,36
DA:74,2
DA:82,2
DA:89,2
DA:96,17
DA:100,5
LF:19
LH:19
BRDA:33,0,0,4
BRDA:33,0,1,22
BRDA:41,1,0,2
BRDA:41,1,1,2
BRDA:41,1,2,2
BRDA:67,2,0,36
BRDA:67,2,1,9
BRDA:68,3,0,36
BRDA:68,3,1,32
BRDA:73,4,0,36
BRDA:73,4,1,8
BRDA:76,5,0,36
BRDA:76,5,1,9
BRF:13
BRH:13
end_of_record
TN:
SF:/Users/eveessex/dev/positron/src/client/apps/edit/components/content/sections/hero/index.jsx
FN:18,(anonymous_0)
FN:24,(anonymous_1)
FN:33,(anonymous_2)
FN:41,(anonymous_3)
FN:59,(anonymous_4)
FN:70,(anonymous_5)
FNF:6
FNH:3
FNDA:1,(anonymous_0)
FNDA:0,(anonymous_1)
FNDA:0,(anonymous_2)
FNDA:5,(anonymous_3)
FNDA:0,(anonymous_4)
FNDA:1,(anonymous_5)
DA:19,1
DA:21,1
DA:25,0
DA:27,0
DA:28,0
DA:30,0
DA:34,0
DA:35,0
DA:36,0
DA:38,0
DA:42,5
DA:43,5
DA:45,5
DA:59,0
DA:70,4
DA:74,4
LF:16
LH:7
BRDA:27,0,0,0
BRDA:27,0,1,0
BRDA:27,1,0,0
BRDA:27,1,1,0
BRDA:35,2,0,0
BRDA:35,2,1,0
BRDA:38,3,0,0
BRDA:38,3,1,0
BRDA:47,4,0,4
BRDA:47,4,1,1
BRF:10
BRH:2
end_of_record
TN:
SF:/Users/eveessex/dev/positron/src/client/apps/edit/components/content/sections/images/index.tsx
FN:46,(anonymous_0)
FN:62,(anonymous_1)
FN:84,(anonymous_2)
FN:94,(anonymous_3)
FN:101,(anonymous_4)
FN:112,(anonymous_5)
FN:113,(anonymous_6)
FN:130,(anonymous_7)
FN:144,(anonymous_8)
FN:160,(anonymous_9)
FN:193,(anonymous_10)
FN:223,(anonymous_11)
FN:248,(anonymous_12)
FNF:13
FNH:12
FNDA:250,(anonymous_0)
FNDA:256,(anonymous_1)
FNDA:1,(anonymous_2)
FNDA:515,(anonymous_3)
FNDA:245,(anonymous_4)
FNDA:119,(anonymous_5)
FNDA:245,(anonymous_6)
FNDA:4,(anonymous_7)
FNDA:160,(anonymous_8)
FNDA:0,(anonymous_9)
FNDA:142,(anonymous_10)
FNDA:304,(anonymous_11)
FNDA:304,(anonymous_12)
DA:47,250
DA:48,250
DA:49,250
DA:51,250
DA:52,17
DA:54,250
DA:63,256
DA:64,256
DA:65,256
DA:68,256
DA:71,256
DA:73,256
DA:74,9
DA:76,256
DA:77,2
DA:78,2
DA:81,256
DA:85,1
DA:87,1
DA:88,0
DA:90,1
DA:95,515
DA:96,515
DA:98,515
DA:102,245
DA:104,245
DA:105,245
DA:106,245
DA:108,0
DA:113,119
DA:114,245
DA:115,245
DA:117,245
DA:126,245
DA:131,4
DA:145,160
DA:146,160
DA:147,160
DA:149,160
DA:160,0
DA:193,142
DA:197,8
DA:207,8
DA:224,304
DA:239,8
DA:249,304
LF:46
LH:43
BRDA:51,0,0,17
BRDA:51,0,1,233
BRDA:55,1,0,250
BRDA:55,1,1,0
BRDA:68,2,0,27
BRDA:68,2,1,229
BRDA:68,3,0,256
BRDA:68,3,1,231
BRDA:73,4,0,9
BRDA:73,4,1,247
BRDA:74,5,0,4
BRDA:74,5,1,5
BRDA:76,6,0,2
BRDA:76,6,1,254
BRDA:78,7,0,1
BRDA:78,7,1,1
BRDA:87,8,0,0
BRDA:87,8,1,1
BRDA:98,9,0,515
BRDA:98,9,1,2
BRDA:98,9,2,2
BRDA:104,10,0,245
BRDA:104,10,1,0
BRDA:106,11,0,0
BRDA:106,11,1,245
BRDA:112,12,0,115
BRDA:147,13,0,160
BRDA:147,13,1,13
BRDA:151,14,0,160
BRDA:151,14,1,11
BRDA:152,15,0,160
BRDA:152,15,1,5
BRDA:154,16,0,160
BRDA:154,16,1,5
BRDA:164,17,0,160
BRDA:164,17,1,1
BRDA:168,18,0,160
BRDA:168,18,1,5
BRDA:169,19,0,5
BRDA:169,19,1,155
BRDA:171,20,0,145
BRDA:171,20,1,15
BRDA:172,21,0,26
BRDA:172,21,1,119
BRDA:172,22,0,145
BRDA:172,22,1,26
BRDA:174,23,0,26
BRDA:174,23,1,0
BRDA:177,24,0,4
BRDA:177,24,1,115
BRDA:177,25,0,119
BRDA:177,25,1,63
BRDA:224,26,0,304
BRDA:224,26,1,10
BRDA:249,27,0,304
BRDA:249,27,1,0
BRF:56
BRH:50
end_of_record
TN:
SF:/Users/eveessex/dev/positron/src/client/apps/edit/components/content/sections/images/components/controls.tsx
FN:39,(anonymous_0)
FN:52,(anonymous_1)
FN:53,(anonymous_2)
FN:74,(anonymous_3)
FN:86,(anonymous_4)
FN:110,(anonymous_5)
FN:120,(anonymous_6)
FN:136,(anonymous_7)
FN:146,(anonymous_8)
FN:154,(anonymous_9)
FN:193,(anonymous_10)
FN:216,(anonymous_11)
FN:228,(anonymous_12)
FN:235,(anonymous_13)
FN:250,(anonymous_14)
FN:283,(anonymous_15)
FNF:16
FNH:14
FNDA:1,(anonymous_0)
FNDA:2,(anonymous_1)
FNDA:3,(anonymous_2)
FNDA:2,(anonymous_3)
FNDA:4,(anonymous_4)
FNDA:1,(anonymous_5)
FNDA:1,(anonymous_6)
FNDA:27,(anonymous_7)
FNDA:2,(anonymous_8)
FNDA:25,(anonymous_9)
FNDA:0,(anonymous_10)
FNDA:1,(anonymous_11)
FNDA:0,(anonymous_12)
FNDA:1,(anonymous_13)
FNDA:4,(anonymous_14)
FNDA:12,(anonymous_15)
DA:23,9
DA:45,1
DA:47,1
DA:48,1
DA:53,2
DA:54,3
DA:56,3
DA:57,2
DA:58,2
DA:59,2
DA:60,2
DA:62,2
DA:69,1
DA:75,2
DA:77,2
DA:78,2
DA:79,1
DA:81,1
DA:82,1
DA:94,4
DA:97,4
DA:98,1
DA:99,1
DA:101,3
DA:102,1
DA:104,2
DA:106,3
DA:111,1
DA:125,1
DA:127,1
DA:128,0
DA:129,0
DA:130,0
DA:132,1
DA:137,27
DA:139,27
DA:147,2
DA:149,2
DA:151,2
DA:161,25
DA:163,25
DA:164,25
DA:165,25
DA:167,25
DA:193,0
DA:217,1
DA:228,0
DA:235,1
DA:250,9
DA:256,9
DA:268,9
DA:275,9
DA:284,12
LF:53
LH:48
BRDA:47,0,0,1
BRDA:47,0,1,0
BRDA:47,1,0,1
BRDA:47,1,1,1
BRDA:56,2,0,2
BRDA:56,2,1,1
BRDA:56,3,0,3
BRDA:56,3,1,3
BRDA:60,4,0,2
BRDA:60,4,1,2
BRDA:97,5,0,1
BRDA:97,5,1,3
BRDA:101,6,0,1
BRDA:101,6,1,2
BRDA:127,7,0,0
BRDA:127,7,1,1
BRDA:128,8,0,0
BRDA:128,8,1,0
BRDA:140,9,0,27
BRDA:140,9,1,25
BRDA:140,9,2,3
BRDA:164,10,0,2
BRDA:164,10,1,23
BRDA:169,11,0,25
BRDA:169,11,1,23
BRDA:174,12,0,2
BRDA:174,12,1,23
BRDA:175,13,0,4
BRDA:175,13,1,21
BRDA:175,14,0,25
BRDA:175,14,1,23
BRDA:184,15,0,25
BRDA:184,15,1,23
BRDA:187,16,0,2
BRDA:187,16,1,21
BRDA:194,17,0,23
BRDA:194,17,1,0
BRDA:210,18,0,25
BRDA:210,18,1,23
BRDA:210,18,2,3
BRDA:284,19,0,12
BRDA:284,19,1,6
BRF:42
BRH:37
end_of_record
TN:
SF:/Users/eveessex/dev/positron/src/client/apps/edit/components/content/sections/images/components/edit_image.tsx
FN:38,(anonymous_0)
FN:48,(anonymous_1)
FN:58,(anonymous_2)
FN:70,(anonymous_3)
FN:87,(anonymous_4)
FN:121,(anonymous_5)
FN:136,(anonymous_6)
FNF:7
FNH:7
FNDA:2,(anonymous_0)
FNDA:1,(anonymous_1)
FNDA:1,(anonymous_2)
FNDA:242,(anonymous_3)
FNDA:271,(anonymous_4)
FNDA:224,(anonymous_5)
FNDA:542,(anonymous_6)
DA:39,2
DA:41,2
DA:42,0
DA:44,2
DA:52,1
DA:53,1
DA:55,1
DA:59,1
DA:61,1
DA:62,1
DA:64,1
DA:65,1
DA:67,1
DA:71,242
DA:73,242
DA:74,242
DA:88,271
DA:90,271
DA:91,271
DA:92,271
DA:94,271
DA:96,271
DA:121,224
DA:125,12
DA:135,12
DA:136,542
LF:26
LH:25
BRDA:41,0,0,0
BRDA:41,0,1,2
BRDA:64,1,0,1
BRDA:64,1,1,0
BRDA:73,2,0,242
BRDA:73,2,1,0
BRDA:78,3,0,242
BRDA:78,3,1,38
BRDA:92,4,0,271
BRDA:92,4,1,271
BRDA:94,5,0,57
BRDA:94,5,1,214
BRDA:94,6,0,271
BRDA:94,6,1,57
BRDA:98,7,0,29
BRDA:98,7,1,242
BRDA:115,8,0,271
BRDA:115,8,1,11
BRDA:136,9,0,542
BRDA:136,9,1,0
BRF:20
BRH:16
end_of_record
TN:
SF:/Users/eveessex/dev/positron/src/client/apps/edit/components/content/sections/images/components/image_set.tsx
FN:13,(anonymous_0)
FNF:1
FNH:1
FNDA:26,(anonymous_0)
DA:13,9
DA:14,26
DA:15,26
DA:17,26
DA:18,2
DA:20,24
LF:6
LH:6
BRDA:15,0,0,26
BRDA:15,0,1,0
BRDA:17,1,0,2
BRDA:17,1,1,24
BRF:4
BRH:3
end_of_record
TN:
SF:/Users/eveessex/dev/positron/src/client/apps/edit/components/content/sections/images/components/input_artwork_url.tsx
FN:27,(anonymous_0)
FN:36,(anonymous_1)
FN:49,(anonymous_2)
FN:60,(anonymous_3)
FN:61,(anonymous_4)
FN:71,(anonymous_5)
FNF:6
FNH:6
FNDA:2,(anonymous_0)
FNDA:1,(anonymous_1)
FNDA:36,(anonymous_2)
FNDA:1,(anonymous_3)
FNDA:1,(anonymous_4)
FNDA:1,(anonymous_5)
DA:28,2
DA:30,2
DA:31,2
DA:32,2
DA:37,1
DA:38,1
DA:40,1
DA:41,1
DA:42,1
DA:43,1
DA:45,0
DA:50,36
DA:51,36
DA:53,36
DA:60,1
DA:62,1
DA:63,1
DA:71,1
DA:80,10
LF:19
LH:18
BRDA:30,0,0,2
BRDA:30,0,1,0
BRDA:62,1,0,1
BRDA:62,1,1,0
BRF:4
BRH:2
end_of_record
TN:
SF:/Users/eveessex/dev/positron/src/client/apps/edit/components/content/sections/news/EditSourceControls.tsx
FN:20,(anonymous_0)
FN:30,(anonymous_1)
FN:41,(anonymous_2)
FN:49,(anonymous_3)
FN:53,(anonymous_4)
FNF:5
FNH:5
FNDA:4,(anonymous_0)
FNDA:6,(anonymous_1)
FNDA:1,(anonymous_2)
FNDA:1,(anonymous_3)
FNDA:1,(anonymous_4)
DA:21,4
DA:22,4
DA:24,4
DA:31,6
DA:33,6
DA:41,1
DA:49,1
DA:53,1
DA:64,4
DA:71,4
DA:78,4
DA:84,4
DA:88,4
DA:98,4
LF:14
LH:14
BRDA:25,0,0,1
BRDA:25,0,1,3
BRDA:26,1,0,1
BRDA:26,1,1,3
BRF:4
BRH:4
end_of_record
TN:
SF:/Users/eveessex/dev/positron/src/client/apps/edit/components/content/sections/related_articles/index.jsx
FN:24,(anonymous_0)
FN:28,(anonymous_1)
FN:42,(anonymous_2)
FN:60,(anonymous_3)
FN:67,(anonymous_4)
FN:78,(anonymous_5)
FN:86,(anonymous_6)
FN:97,(anonymous_7)
FN:102,(anonymous_8)
FN:110,(anonymous_9)
FN:118,(anonymous_10)
FN:128,(anonymous_11)
FNF:12
FNH:10
FNDA:15,(anonymous_0)
FNDA:16,(anonymous_1)
FNDA:2,(anonymous_2)
FNDA:1,(anonymous_3)
FNDA:1,(anonymous_4)
FNDA:1,(anonymous_5)
FNDA:5,(anonymous_6)
FNDA:11,(anonymous_7)
FNDA:0,(anonymous_8)
FNDA:14,(anonymous_9)
FNDA:0,(anonymous_10)
FNDA:19,(anonymous_11)
DA:25,15
DA:29,16
DA:30,16
DA:31,16
DA:32,16
DA:34,16
DA:35,2
DA:43,2
DA:44,0
DA:46,2
DA:47,2
DA:53,14
DA:61,1
DA:63,1
DA:64,1
DA:68,1
DA:69,1
DA:70,1
DA:71,1
DA:73,1
DA:74,1
DA:75,1
DA:79,1
DA:80,1
DA:82,1
DA:83,1
DA:87,5
DA:88,5
DA:90,5
DA:98,11
DA:102,0
DA:111,14
DA:113,14
DA:118,0
DA:129,19
DA:130,19
DA:132,19
LF:37
LH:34
BRDA:34,0,0,2
BRDA:34,0,1,14
BRDA:39,1,0,2
BRDA:39,1,1,2
BRDA:43,2,0,0
BRDA:43,2,1,2
BRDA:119,3,0,14
BRDA:119,3,1,14
BRDA:135,4,0,0
BRDA:135,4,1,19
BRDA:137,5,0,5
BRDA:137,5,1,14
BRF:12
BRH:10
end_of_record
TN:
SF:/Users/eveessex/dev/positron/src/client/apps/edit/components/content/sections/related_articles/components/edit_article_card.jsx
FN:15,(anonymous_0)
FN:31,(anonymous_1)
FN:46,(anonymous_2)
FNF:3
FNH:3
FNDA:13,(anonymous_0)
FNDA:1,(anonymous_1)
FNDA:26,(anonymous_2)
DA:16,13
DA:18,13
DA:31,1
DA:45,5
DA:46,26
LF:5
LH:5
BRDA:34,0,0,13
BRDA:34,0,1,0
BRDA:35,1,0,0
BRDA:35,1,1,13
BRDA:46,2,0,26
BRDA:46,2,1,26
BRF:6
BRH:4
end_of_record
TN:
SF:/Users/eveessex/dev/positron/src/client/apps/edit/components/content/sections/related_articles/components/related_articles_input.jsx
FN:14,(anonymous_0)
FN:37,(anonymous_1)
FNF:2
FNH:2
FNDA:19,(anonymous_0)
FNDA:38,(anonymous_1)
DA:15,19
DA:16,19
DA:18,19
DA:36,4
DA:37,38
LF:5
LH:5
BRDA:16,0,0,19
BRDA:16,0,1,16
BRDA:37,1,0,38
BRDA:37,1,1,18
BRF:4
BRH:4
end_of_record
TN:
SF:/Users/eveessex/dev/positron/src/client/apps/edit/components/content/sections/social_embed/controls.tsx
FN:20,(anonymous_0)
FN:28,(anonymous_1)
FN:38,(anonymous_2)
FN:46,(anonymous_3)
FNF:4
FNH:4
FNDA:1,(anonymous_0)
FNDA:5,(anonymous_1)
FNDA:1,(anonymous_2)
FNDA:1,(anonymous_3)
DA:21,1
DA:23,1
DA:24,1
DA:29,5
DA:31,5
DA:38,1
DA:46,9
DA:51,9
LF:8
LH:8
BRDA:23,0,0,1
BRDA:23,0,1,0
BRDA:37,1,0,5
BRDA:37,1,1,1
BRF:4
BRH:3
end_of_record
TN:
SF:/Users/eveessex/dev/positron/src/client/apps/edit/components/content/sections/social_embed/index.tsx
FN:13,(anonymous_0)
FNF:1
FNH:1
FNDA:15,(anonymous_0)
DA:13,8
DA:17,15
LF:2
LH:2
BRDA:19,0,0,15
BRDA:19,0,1,1
BRDA:21,1,0,14
BRDA:21,1,1,1
BRF:4
BRH:4
end_of_record
TN:
SF:/Users/eveessex/dev/positron/src/client/apps/edit/components/content/sections/text/draft_config.js
FN:11,(anonymous_0)
FN:20,(anonymous_1)
FN:69,(anonymous_2)
FN:117,(anonymous_3)
FN:125,(anonymous_4)
FN:135,(anonymous_5)
FN:139,(anonymous_6)
FN:165,(anonymous_7)
FNF:8
FNH:8
FNDA:480,(anonymous_0)
FNDA:474,(anonymous_1)
FNDA:860,(anonymous_2)
FNDA:381,(anonymous_3)
FNDA:1186,(anonymous_4)
FNDA:1186,(anonymous_5)
FNDA:357,(anonymous_6)
FNDA:472,(anonymous_7)
DA:11,49
DA:13,480
DA:14,480
DA:15,330
DA:17,480
DA:20,49
DA:22,474
DA:24,16
DA:25,12
DA:32,4
DA:42,130
DA:51,48
DA:59,280
DA:69,49
DA:71,860
DA:73,286
DA:81,574
DA:83,102
DA:94,97
DA:104,375
DA:117,49
DA:119,381
DA:120,381
DA:122,381
DA:125,49
DA:127,1186
DA:135,49
DA:136,1186
DA:139,49
DA:143,357
DA:145,357
DA:146,357
DA:149,357
DA:155,357
DA:157,357
DA:158,4
DA:160,353
DA:162,357
DA:165,49
DA:167,472
DA:168,472
DA:169,472
DA:170,472
DA:172,472
LF:44
LH:44
BRDA:14,0,0,330
BRDA:14,0,1,150
BRDA:22,1,0,16
BRDA:22,1,1,130
BRDA:22,1,2,48
BRDA:22,1,3,280
BRDA:24,2,0,12
BRDA:24,2,1,4
BRDA:71,3,0,286
BRDA:71,3,1,574
BRDA:81,4,0,102
BRDA:81,4,1,97
BRDA:81,4,2,375
BRDA:157,5,0,4
BRDA:157,5,1,353
BRF:15
BRH:15
end_of_record
TN:
SF:/Users/eveessex/dev/positron/src/client/apps/edit/components/content/sections/text/index.jsx
FN:38,(anonymous_0)
FN:54,(anonymous_1)
FN:62,(anonymous_2)
FN:68,(anonymous_3)
FN:73,(anonymous_4)
FN:78,(anonymous_5)
FN:89,(anonymous_6)
FN:95,(anonymous_7)
FN:101,(anonymous_8)
FN:107,(anonymous_9)
FN:132,(anonymous_10)
FN:153,(anonymous_11)
FN:159,(anonymous_12)
FN:196,(anonymous_13)
FN:229,(anonymous_14)
FN:234,(anonymous_15)
FN:240,(anonymous_16)
FN:256,(anonymous_17)
FN:264,(anonymous_18)
FN:273,(anonymous_19)
FN:291,(anonymous_20)
FN:313,(anonymous_21)
FN:357,(anonymous_22)
FN:379,(anonymous_23)
FN:397,(anonymous_24)
FN:414,(anonymous_25)
FN:433,(anonymous_26)
FN:471,(anonymous_27)
FN:494,(anonymous_28)
FN:508,(anonymous_29)
FNF:30
FNH:26
FNDA:352,(anonymous_0)
FNDA:352,(anonymous_1)
FNDA:352,(anonymous_2)
FNDA:115,(anonymous_3)
FNDA:349,(anonymous_4)
FNDA:87,(anonymous_5)
FNDA:818,(anonymous_6)
FNDA:0,(anonymous_7)
FNDA:12,(anonymous_8)
FNDA:117,(anonymous_9)
FNDA:0,(anonymous_10)
FNDA:449,(anonymous_11)
FNDA:5,(anonymous_12)
FNDA:14,(anonymous_13)
FNDA:2,(anonymous_14)
FNDA:2,(anonymous_15)
FNDA:4,(anonymous_16)
FNDA:4,(anonymous_17)
FNDA:2,(anonymous_18)
FNDA:6,(anonymous_19)
FNDA:17,(anonymous_20)
FNDA:5,(anonymous_21)
FNDA:3,(anonymous_22)
FNDA:1,(anonymous_23)
FNDA:0,(anonymous_24)
FNDA:18,(anonymous_25)
FNDA:466,(anonymous_26)
FNDA:657,(anonymous_27)
FNDA:0,(anonymous_28)
FNDA:248,(anonymous_29)
DA:39,352
DA:41,352
DA:55,352
DA:57,352
DA:58,349
DA:63,352
DA:64,6
DA:69,115
DA:74,349
DA:75,349
DA:79,87
DA:80,87
DA:82,87
DA:84,39
DA:86,87
DA:90,818
DA:92,818
DA:96,0
DA:97,0
DA:102,12
DA:103,12
DA:108,117
DA:109,117
DA:112,117
DA:113,117
DA:114,117
DA:115,117
DA:117,117
DA:118,2
DA:121,1
DA:124,1
DA:126,115
DA:128,1
DA:134,0
DA:135,0
DA:137,0
DA:143,0
DA:144,0
DA:146,0
DA:147,0
DA:148,0
DA:150,0
DA:154,449
DA:156,449
DA:160,5
DA:167,5
DA:168,5
DA:170,5
DA:172,3
DA:173,3
DA:174,3
DA:176,3
DA:178,3
DA:184,3
DA:185,3
DA:186,3
DA:187,3
DA:188,3
DA:191,2
DA:197,14
DA:198,14
DA:202,14
DA:204,14
DA:205,6
DA:207,8
DA:209,0
DA:212,1
DA:215,1
DA:220,3
DA:223,3
DA:230,2
DA:231,2
DA:236,2
DA:237,2
DA:241,4
DA:242,4
DA:244,4
DA:252,4
DA:253,4
DA:257,4
DA:258,4
DA:260,4
DA:265,2
DA:267,2
DA:268,2
DA:269,2
DA:274,6
DA:275,6
DA:277,6
DA:278,6
DA:279,6
DA:281,6
DA:283,0
DA:286,0
DA:288,6
DA:292,17
DA:293,17
DA:294,17
DA:295,17
DA:297,17
DA:298,0
DA:301,17
DA:302,5
DA:303,0
DA:305,5
DA:308,12
DA:309,12
DA:310,12
DA:321,5
DA:322,5
DA:325,5
DA:326,5
DA:337,5
DA:339,5
DA:340,5
DA:344,5
DA:346,5
DA:347,1
DA:349,5
DA:350,1
DA:353,5
DA:358,3
DA:359,3
DA:360,3
DA:361,3
DA:363,3
DA:364,3
DA:369,3
DA:380,1
DA:381,1
DA:387,1
DA:394,1
DA:398,0
DA:399,0
DA:401,0
DA:407,0
DA:408,0
DA:410,0
DA:415,18
DA:416,18
DA:418,18
DA:419,18
DA:424,18
DA:426,18
DA:427,18
DA:429,18
DA:434,466
DA:442,466
DA:443,466
DA:447,466
DA:448,466
DA:450,466
DA:472,657
DA:494,0
DA:508,248
DA:514,10
LF:156
LH:133
BRDA:57,0,0,349
BRDA:57,0,1,3
BRDA:57,1,0,352
BRDA:57,1,1,349
BRDA:63,2,0,6
BRDA:63,2,1,346
BRDA:82,3,0,39
BRDA:82,3,1,48
BRDA:96,4,0,0
BRDA:96,4,1,0
BRDA:102,5,0,12
BRDA:102,5,1,0
BRDA:112,6,0,117
BRDA:112,6,1,1
BRDA:113,7,0,117
BRDA:113,7,1,1
BRDA:114,8,0,117
BRDA:114,8,1,2
BRDA:115,9,0,117
BRDA:115,9,1,115
BRDA:117,10,0,2
BRDA:117,10,1,115
BRDA:117,11,0,117
BRDA:117,11,1,115
BRDA:118,12,0,1
BRDA:118,12,1,1
BRDA:126,13,0,1
BRDA:126,13,1,114
BRDA:143,14,0,0
BRDA:143,14,1,0
BRDA:170,15,0,3
BRDA:170,15,1,2
BRDA:170,16,0,5
BRDA:170,16,1,4
BRDA:174,17,0,3
BRDA:174,17,1,3
BRDA:176,18,0,3
BRDA:176,18,1,3
BRDA:176,18,2,3
BRDA:184,19,0,3
BRDA:184,19,1,0
BRDA:204,20,0,6
BRDA:204,20,1,8
BRDA:207,21,0,0
BRDA:207,21,1,1
BRDA:207,21,2,1
BRDA:207,21,3,1
BRDA:207,21,4,2
BRDA:207,21,5,3
BRDA:207,21,6,3
BRDA:267,22,0,2
BRDA:267,22,1,0
BRDA:281,23,0,0
BRDA:281,23,1,6
BRDA:281,24,0,6
BRDA:281,24,1,0
BRDA:297,25,0,0
BRDA:297,25,1,17
BRDA:297,26,0,17
BRDA:297,26,1,11
BRDA:301,27,0,5
BRDA:301,27,1,12
BRDA:301,28,0,17
BRDA:301,28,1,6
BRDA:302,29,0,0
BRDA:302,29,1,5
BRDA:346,30,0,1
BRDA:346,30,1,4
BRDA:349,31,0,1
BRDA:349,31,1,4
BRDA:360,32,0,3
BRDA:360,32,1,0
BRDA:361,33,0,1
BRDA:361,33,1,2
BRDA:361,34,0,3
BRDA:361,34,1,3
BRDA:363,35,0,3
BRDA:363,35,1,0
BRDA:363,36,0,3
BRDA:363,36,1,3
BRDA:407,37,0,0
BRDA:407,37,1,0
BRDA:418,38,0,18
BRDA:418,38,1,0
BRDA:418,39,0,18
BRDA:418,39,1,18
BRDA:426,40,0,18
BRDA:426,40,1,0
BRDA:448,41,0,17
BRDA:448,41,1,449
BRDA:453,42,0,466
BRDA:453,42,1,23
BRDA:491,43,0,466
BRDA:491,43,1,17
BRDA:491,43,2,2
BRF:95
BRH:77
end_of_record
TN:
SF:/Users/eveessex/dev/positron/src/client/apps/edit/components/content/sections/text/index2.tsx
FN:54,(anonymous_0)
FN:87,(anonymous_1)
FN:99,(anonymous_2)
FN:112,(anonymous_3)
FN:123,(anonymous_4)
FN:132,(anonymous_5)
FN:164,(anonymous_6)
FN:193,(anonymous_7)
FN:201,(anonymous_8)
FN:226,(anonymous_9)
FN:250,(anonymous_10)
FN:257,(anonymous_11)
FNF:12
FNH:11
FNDA:30,(anonymous_0)
FNDA:2,(anonymous_1)
FNDA:2,(anonymous_2)
FNDA:2,(anonymous_3)
FNDA:2,(anonymous_4)
FNDA:4,(anonymous_5)
FNDA:24,(anonymous_6)
FNDA:0,(anonymous_7)
FNDA:11,(anonymous_8)
FNDA:48,(anonymous_9)
FNDA:48,(anonymous_10)
FNDA:48,(anonymous_11)
DA:57,30
DA:58,30
DA:60,30
DA:62,2
DA:73,24
DA:76,2
DA:79,2
DA:88,2
DA:89,2
DA:91,2
DA:92,1
DA:100,2
DA:102,2
DA:103,1
DA:105,1
DA:113,2
DA:115,2
DA:116,1
DA:124,2
DA:125,2
DA:126,2
DA:127,2
DA:128,2
DA:132,2
DA:133,4
DA:135,2
DA:136,2
DA:140,2
DA:141,1
DA:142,1
DA:144,1
DA:150,1
DA:157,1
DA:173,24
DA:174,24
DA:175,24
DA:177,24
DA:193,0
DA:201,11
DA:207,8
DA:221,8
DA:226,48
DA:251,48
DA:258,48
LF:44
LH:43
BRDA:60,0,0,2
BRDA:60,0,1,24
BRDA:60,0,2,2
BRDA:60,0,3,2
BRDA:91,1,0,1
BRDA:91,1,1,1
BRDA:102,2,0,1
BRDA:102,2,1,1
BRDA:115,3,0,1
BRDA:115,3,1,1
BRDA:133,4,0,2
BRDA:133,4,1,2
BRDA:140,5,0,1
BRDA:140,5,1,1
BRDA:174,6,0,24
BRDA:174,6,1,24
BRDA:179,7,0,24
BRDA:179,7,1,0
BRDA:187,8,0,24
BRDA:187,8,1,0
BRDA:226,9,0,2
BRDA:226,9,1,46
BRDA:251,10,0,48
BRDA:251,10,1,42
BRDA:258,11,0,48
BRDA:258,11,1,42
BRF:26
BRH:24
end_of_record
TN:
SF:/Users/eveessex/dev/positron/src/client/apps/edit/components/content/sections/video/controls.jsx
FN:22,(anonymous_0)
FN:35,(anonymous_1)
FN:44,(anonymous_2)
FN:55,(anonymous_3)
FN:67,(anonymous_4)
FN:83,(anonymous_5)
FNF:6
FNH:6
FNDA:2,(anonymous_0)
FNDA:1,(anonymous_1)
FNDA:3,(anonymous_2)
FNDA:27,(anonymous_3)
FNDA:3,(anonymous_4)
FNDA:18,(anonymous_5)
DA:28,2
DA:30,2
DA:31,1
DA:36,1
DA:37,1
DA:39,1
DA:40,1
DA:45,3
DA:47,3
DA:48,1
DA:49,1
DA:50,2
DA:51,1
DA:56,27
DA:58,27
DA:67,3
DA:83,18
DA:88,12
LF:18
LH:18
BRDA:30,0,0,1
BRDA:30,0,1,1
BRDA:30,1,0,2
BRDA:30,1,1,1
BRDA:37,2,0,1
BRDA:37,2,1,1
BRDA:39,3,0,1
BRDA:39,3,1,0
BRDA:47,4,0,1
BRDA:47,4,1,2
BRDA:50,5,0,1
BRDA:50,5,1,1
BRF:12
BRH:11
end_of_record
TN:
SF:/Users/eveessex/dev/positron/src/client/apps/edit/components/content/sections/video/index.jsx
FN:35,(anonymous_0)
FN:39,(anonymous_1)
FN:49,(anonymous_2)
FN:54,(anonymous_3)
FN:57,(anonymous_4)
FN:61,(anonymous_5)
FN:77,(anonymous_6)
FN:89,(anonymous_7)
FN:115,(anonymous_8)
FN:131,(anonymous_9)
FNF:10
FNH:10
FNDA:1,(anonymous_0)
FNDA:6,(anonymous_1)
FNDA:14,(anonymous_2)
FNDA:2,(anonymous_3)
FNDA:2,(anonymous_4)
FNDA:26,(anonymous_5)
FNDA:2,(anonymous_6)
FNDA:26,(anonymous_7)
FNDA:8,(anonymous_8)
FNDA:52,(anonymous_9)
DA:36,1
DA:40,6
DA:42,6
DA:43,3
DA:45,3
DA:50,14
DA:52,14
DA:53,11
DA:54,2
DA:56,3
DA:57,3
DA:62,26
DA:63,26
DA:65,26
DA:66,1
DA:69,25
DA:70,22
DA:77,2
DA:85,3
DA:90,26
DA:91,26
DA:93,26
DA:95,26
DA:115,8
DA:119,8
DA:129,8
DA:131,52
LF:27
LH:27
BRDA:42,0,0,3
BRDA:42,0,1,3
BRDA:52,1,0,11
BRDA:52,1,1,3
BRDA:56,2,0,3
BRDA:56,2,1,0
BRDA:65,3,0,1
BRDA:65,3,1,25
BRDA:69,4,0,22
BRDA:69,4,1,3
BRDA:72,5,0,22
BRDA:72,5,1,14
BRDA:93,6,0,26
BRDA:93,6,1,20
BRDA:97,7,0,26
BRDA:97,7,1,15
BRDA:109,8,0,26
BRDA:109,8,1,1
BRDA:131,9,0,30
BRDA:131,9,1,22
BRF:20
BRH:19
end_of_record
TN:
SF:/Users/eveessex/dev/positron/src/client/apps/edit/components/display/index.tsx
FN:17,(anonymous_0)
FN:44,(anonymous_1)
FNF:2
FNH:2
FNDA:6,(anonymous_0)
FNDA:6,(anonymous_1)
DA:17,2
DA:18,6
DA:19,6
DA:26,6
DA:44,6
LF:5
LH:5
BRDA:28,0,0,1
BRDA:28,0,1,5
BRF:2
BRH:2
end_of_record
TN:
SF:/Users/eveessex/dev/positron/src/client/apps/edit/components/display/components/email.tsx
FN:14,(anonymous_0)
FN:22,(anonymous_1)
FN:49,(anonymous_2)
FN:59,(anonymous_3)
FN:68,(anonymous_4)
FN:82,(anonymous_5)
FN:94,(anonymous_6)
FNF:7
FNH:7
FNDA:5,(anonymous_0)
FNDA:9,(anonymous_1)
FNDA:2,(anonymous_2)
FNDA:1,(anonymous_3)
FNDA:1,(anonymous_4)
FNDA:1,(anonymous_5)
FNDA:1,(anonymous_6)
DA:11,3
DA:15,5
DA:16,5
DA:18,5
DA:19,5
DA:23,9
DA:24,9
DA:25,9
DA:27,9
DA:49,2
DA:59,1
DA:68,1
DA:83,1
DA:94,3
DA:98,3
LF:15
LH:15
BRDA:16,0,0,5
BRDA:16,0,1,1
BRDA:24,1,0,9
BRDA:24,1,1,2
BRDA:39,2,0,9
BRDA:39,2,1,3
BRDA:69,3,0,9
BRDA:69,3,1,3
BRF:8
BRH:8
end_of_record
TN:
SF:/Users/eveessex/dev/positron/src/client/apps/edit/components/display/components/magazine.tsx
FN:13,(anonymous_0)
FN:28,(anonymous_1)
FN:39,(anonymous_2)
FN:48,(anonymous_3)
FN:61,(anonymous_4)
FN:76,(anonymous_5)
FNF:6
FNH:5
FNDA:10,(anonymous_0)
FNDA:1,(anonymous_1)
FNDA:1,(anonymous_2)
FNDA:0,(anonymous_3)
FNDA:1,(anonymous_4)
FNDA:5,(anonymous_5)
DA:11,4
DA:13,4
DA:14,10
DA:16,10
DA:29,1
DA:39,1
DA:49,0
DA:61,1
DA:76,5
DA:80,4
DA:89,4
LF:11
LH:10
BRDA:27,0,0,10
BRDA:27,0,1,0
BRDA:66,1,0,10
BRDA:66,1,1,0
BRF:4
BRH:2
end_of_record
TN:
SF:/Users/eveessex/dev/positron/src/client/apps/edit/components/display/components/partner.tsx
FN:12,(anonymous_0)
FN:50,(anonymous_1)
FN:60,(anonymous_2)
FN:69,(anonymous_3)
FN:81,(anonymous_4)
FNF:5
FNH:4
FNDA:5,(anonymous_0)
FNDA:1,(anonymous_1)
FNDA:1,(anonymous_2)
FNDA:0,(anonymous_3)
FNDA:1,(anonymous_4)
DA:10,3
DA:12,3
DA:13,5
DA:15,5
DA:50,1
DA:60,1
DA:70,0
DA:81,3
DA:85,3
DA:94,3
DA:98,3
LF:11
LH:10
BRDA:49,0,0,5
BRDA:49,0,1,0
BRDA:61,1,0,5
BRDA:61,1,1,0
BRF:4
BRH:2
end_of_record
TN:
SF:/Users/eveessex/dev/positron/src/client/apps/edit/components/display/components/search.tsx
FN:13,(anonymous_0)
FN:29,(anonymous_1)
FN:39,(anonymous_2)
FN:54,(anonymous_3)
FNF:4
FNH:4
FNDA:5,(anonymous_0)
FNDA:1,(anonymous_1)
FNDA:1,(anonymous_2)
FNDA:1,(anonymous_3)
DA:13,3
DA:14,5
DA:15,5
DA:17,5
DA:29,1
DA:40,1
DA:54,3
DA:59,3
LF:8
LH:8
BRF:0
BRH:0
end_of_record
TN:
SF:/Users/eveessex/dev/positron/src/client/apps/edit/components/display/components/social.tsx
FN:11,(anonymous_0)
FN:27,(anonymous_1)
FN:36,(anonymous_2)
FN:46,(anonymous_3)
FN:61,(anonymous_4)
FNF:5
FNH:5
FNDA:6,(anonymous_0)
FNDA:1,(anonymous_1)
FNDA:1,(anonymous_2)
FNDA:1,(anonymous_3)
FNDA:1,(anonymous_4)
DA:9,3
DA:11,3
DA:12,6
DA:13,6
DA:15,6
DA:27,1
DA:36,1
DA:47,1
DA:61,3
DA:65,3
LF:10
LH:10
BRDA:26,0,0,6
BRDA:26,0,1,1
BRF:2
BRH:2
end_of_record
TN:
SF:/Users/eveessex/dev/positron/src/client/apps/edit/components/display/components/preview/email_preview.jsx
FN:6,(anonymous_0)
FNF:1
FNH:1
FNDA:9,(anonymous_0)
DA:6,3
DA:7,9
DA:9,9
DA:10,9
DA:11,9
DA:13,9
DA:33,3
LF:7
LH:7
BRDA:9,0,0,9
BRDA:9,0,1,2
BRDA:11,1,0,9
BRDA:11,1,1,3
BRDA:16,2,0,9
BRDA:16,2,1,0
BRDA:23,3,0,9
BRDA:23,3,1,3
BRDA:26,4,0,9
BRDA:26,4,1,3
BRF:10
BRH:9
end_of_record
TN:
SF:/Users/eveessex/dev/positron/src/client/apps/edit/components/display/components/preview/magazine_preview.jsx
FN:10,(anonymous_0)
FNF:1
FNH:1
FNDA:10,(anonymous_0)
DA:10,4
DA:11,10
DA:12,10
DA:14,10
DA:50,4
LF:5
LH:5
BRDA:12,0,0,0
BRDA:12,0,1,10
BRDA:36,1,0,10
BRDA:36,1,1,0
BRF:4
BRH:2
end_of_record
TN:
SF:/Users/eveessex/dev/positron/src/client/apps/edit/components/display/components/preview/search_preview.jsx
FN:5,(anonymous_0)
FN:46,(anonymous_1)
FNF:2
FNH:2
FNDA:5,(anonymous_0)
FNDA:20,(anonymous_1)
DA:5,3
DA:6,5
DA:15,5
DA:17,5
DA:18,5
DA:20,5
DA:46,3
DA:47,20
DA:57,3
LF:9
LH:9
BRDA:17,0,0,5
BRDA:17,0,1,0
BRDA:17,0,2,0
BRDA:18,1,0,5
BRDA:18,1,1,0
BRDA:27,2,0,5
BRDA:27,2,1,1
BRDA:34,3,0,5
BRDA:34,3,1,0
BRF:9
BRH:5
end_of_record
TN:
SF:/Users/eveessex/dev/positron/src/client/apps/edit/components/display/components/preview/social_preview.jsx
FN:6,(anonymous_0)
FNF:1
FNH:1
FNDA:6,(anonymous_0)
DA:6,3
DA:7,6
DA:15,6
DA:16,6
DA:18,6
DA:57,3
LF:6
LH:6
BRDA:16,0,0,6
BRDA:16,0,1,1
BRDA:33,1,0,6
BRDA:33,1,1,0
BRDA:42,2,0,6
BRDA:42,2,1,1
BRDA:45,3,0,6
BRDA:45,3,1,1
BRF:8
BRH:7
end_of_record
TN:
SF:/Users/eveessex/dev/positron/src/client/apps/edit/components/error/index.jsx
FN:12,(anonymous_0)
FN:24,(anonymous_1)
FNF:2
FNH:2
FNDA:12,(anonymous_0)
FNDA:10,(anonymous_1)
DA:13,12
DA:14,12
DA:16,12
DA:24,10
DA:28,2
LF:5
LH:5
BRF:0
BRH:0
end_of_record
TN:
SF:/Users/eveessex/dev/positron/src/client/apps/edit/components/header/index.tsx
FN:44,(anonymous_0)
FN:48,(anonymous_1)
FN:54,(anonymous_2)
FN:62,(anonymous_3)
FN:70,(anonymous_4)
FN:77,(anonymous_5)
FN:86,(anonymous_6)
FN:92,(anonymous_7)
FN:104,(anonymous_8)
FN:117,(anonymous_9)
FN:132,(anonymous_10)
FN:136,(anonymous_11)
FN:164,(anonymous_12)
FN:181,(anonymous_13)
FN:262,(anonymous_14)
FNF:15
FNH:14
FNDA:39,(anonymous_0)
FNDA:77,(anonymous_1)
FNDA:76,(anonymous_2)
FNDA:2,(anonymous_3)
FNDA:2,(anonymous_4)
FNDA:2,(anonymous_5)
FNDA:4,(anonymous_6)
FNDA:40,(anonymous_7)
FNDA:37,(anonymous_8)
FNDA:37,(anonymous_9)
FNDA:0,(anonymous_10)
FNDA:77,(anonymous_11)
FNDA:37,(anonymous_12)
FNDA:1,(anonymous_13)
FNDA:10,(anonymous_14)
DA:45,39
DA:49,77
DA:51,77
DA:55,76
DA:56,76
DA:57,76
DA:59,76
DA:63,2
DA:65,2
DA:66,2
DA:71,2
DA:73,2
DA:74,2
DA:78,2
DA:80,2
DA:81,2
DA:82,2
DA:87,4
DA:89,4
DA:93,40
DA:95,40
DA:96,3
DA:97,37
DA:98,25
DA:100,12
DA:105,37
DA:106,37
DA:108,37
DA:109,2
DA:110,35
DA:111,7
DA:113,28
DA:118,37
DA:119,37
DA:120,37
DA:122,37
DA:123,1
DA:124,36
DA:125,1
DA:126,35
DA:127,6
DA:129,29
DA:133,0
DA:137,77
DA:138,38
DA:148,39
DA:149,38
DA:160,1
DA:172,37
DA:174,37
DA:176,37
DA:182,1
DA:243,2
DA:245,2
DA:249,2
DA:251,2
DA:258,2
DA:262,10
DA:270,2
LF:59
LH:58
BRDA:45,0,0,39
BRDA:45,0,1,38
BRDA:51,1,0,77
BRDA:51,1,1,75
BRDA:56,2,0,76
BRDA:56,2,1,72
BRDA:57,3,0,76
BRDA:57,3,1,76
BRDA:59,4,0,76
BRDA:59,4,1,72
BRDA:65,5,0,2
BRDA:65,5,1,0
BRDA:80,6,0,2
BRDA:80,6,1,0
BRDA:95,7,0,3
BRDA:95,7,1,37
BRDA:97,8,0,25
BRDA:97,8,1,12
BRDA:108,9,0,2
BRDA:108,9,1,35
BRDA:110,10,0,7
BRDA:110,10,1,28
BRDA:122,11,0,1
BRDA:122,11,1,36
BRDA:122,12,0,37
BRDA:122,12,1,2
BRDA:124,13,0,1
BRDA:124,13,1,35
BRDA:126,14,0,6
BRDA:126,14,1,29
BRDA:137,15,0,38
BRDA:137,15,1,39
BRDA:145,16,0,37
BRDA:145,16,1,1
BRDA:148,17,0,38
BRDA:148,17,1,1
BRDA:156,18,0,36
BRDA:156,18,1,2
BRDA:182,19,0,1
BRDA:182,19,1,1
BRDA:189,20,0,37
BRDA:189,20,1,1
BRDA:199,21,0,0
BRDA:199,21,1,37
BRDA:201,22,0,37
BRDA:201,22,1,1
BRDA:218,23,0,7
BRDA:218,23,1,30
BRF:48
BRH:45
end_of_record
TN:
SF:/Users/eveessex/dev/positron/src/client/apps/edit/components/message/index.tsx
FN:32,(anonymous_0)
FN:36,(anonymous_1)
FN:40,(anonymous_2)
FN:52,(anonymous_3)
FN:60,(anonymous_4)
FN:69,(anonymous_5)
FN:92,(anonymous_6)
FN:134,(anonymous_7)
FNF:8
FNH:7
FNDA:3,(anonymous_0)
FNDA:1,(anonymous_1)
FNDA:100,(anonymous_2)
FNDA:0,(anonymous_3)
FNDA:1,(anonymous_4)
FNDA:13,(anonymous_5)
FNDA:25,(anonymous_6)
FNDA:26,(anonymous_7)
DA:33,3
DA:37,1
DA:41,100
DA:42,100
DA:43,90
DA:44,90
DA:47,10
DA:53,0
DA:55,0
DA:56,0
DA:61,1
DA:63,1
DA:65,0
DA:70,13
DA:71,13
DA:72,13
DA:76,13
DA:77,13
DA:79,13
DA:93,25
DA:110,2
DA:123,2
DA:130,2
DA:134,26
DA:136,2
DA:138,2
DA:142,2
DA:144,2
DA:150,2
DA:157,2
DA:161,2
DA:164,2
DA:166,2
LF:33
LH:29
BRDA:42,0,0,90
BRDA:42,0,1,10
BRDA:43,1,0,90
BRDA:43,1,1,90
BRDA:55,2,0,0
BRDA:55,2,1,0
BRDA:55,3,0,0
BRDA:55,3,1,0
BRDA:61,4,0,1
BRDA:61,4,1,0
BRDA:72,5,0,13
BRDA:72,5,1,0
BRDA:77,6,0,10
BRDA:77,6,1,3
BRDA:83,7,0,13
BRDA:83,7,1,1
BRF:16
BRH:10
end_of_record
TN:
SF:/Users/eveessex/dev/positron/src/client/apps/edit/components/message/modalTypes.js
FN:9,(anonymous_0)
FN:17,(anonymous_1)
FN:30,(anonymous_2)
FN:38,(anonymous_3)
FN:45,(anonymous_4)
FNF:5
FNH:2
FNDA:1,(anonymous_0)
FNDA:0,(anonymous_1)
FNDA:12,(anonymous_2)
FNDA:0,(anonymous_3)
FNDA:0,(anonymous_4)
DA:1,2
DA:12,1
DA:18,0
DA:33,12
DA:40,0
DA:46,0
LF:6
LH:3
BRF:0
BRH:0
end_of_record
TN:
SF:/Users/eveessex/dev/positron/src/client/apps/edit/components/yoast/index.tsx
FN:37,(anonymous_0)
FN:47,(anonymous_1)
FN:54,(anonymous_2)
FN:65,(anonymous_3)
FN:82,(anonymous_4)
FN:89,(anonymous_5)
FN:96,(anonymous_6)
FN:106,(anonymous_7)
FN:115,(anonymous_8)
FN:119,(anonymous_9)
FN:124,(anonymous_10)
FN:129,(anonymous_11)
FN:138,(anonymous_12)
FN:151,(anonymous_13)
FN:221,(anonymous_14)
FN:289,(anonymous_15)
FNF:16
FNH:15
FNDA:36,(anonymous_0)
FNDA:73,(anonymous_1)
FNDA:1,(anonymous_2)
FNDA:36,(anonymous_3)
FNDA:39,(anonymous_4)
FNDA:38,(anonymous_5)
FNDA:74,(anonymous_6)
FNDA:1332,(anonymous_7)
FNDA:6,(anonymous_8)
FNDA:0,(anonymous_9)
FNDA:36,(anonymous_10)
FNDA:138,(anonymous_11)
FNDA:92,(anonymous_12)
FNDA:44,(anonymous_13)
FNDA:88,(anonymous_14)
FNDA:9,(anonymous_15)
DA:38,36
DA:41,36
DA:48,73
DA:55,1
DA:61,36
DA:62,36
DA:66,36
DA:69,36
DA:73,36
DA:74,36
DA:77,36
DA:78,36
DA:85,39
DA:86,39
DA:92,38
DA:93,38
DA:99,74
DA:100,74
DA:101,74
DA:102,0
DA:105,74
DA:107,1332
DA:108,814
DA:112,74
DA:116,6
DA:120,0
DA:121,0
DA:125,36
DA:126,36
DA:130,138
DA:131,138
DA:132,44
DA:134,94
DA:139,92
DA:142,92
DA:143,29
DA:144,63
DA:145,10
DA:147,53
DA:152,44
DA:153,44
DA:154,44
DA:210,2
DA:215,2
DA:220,2
DA:221,88
DA:226,2
DA:238,2
DA:286,2
DA:287,2
DA:289,9
DA:294,2
LF:52
LH:49
BRDA:73,0,0,36
BRDA:73,0,1,0
BRDA:77,1,0,36
BRDA:77,1,1,0
BRDA:86,2,0,39
BRDA:86,2,1,37
BRDA:86,2,2,2
BRDA:86,2,3,0
BRDA:93,3,0,38
BRDA:93,3,1,36
BRDA:93,3,2,0
BRDA:101,4,0,0
BRDA:101,4,1,74
BRDA:101,5,0,74
BRDA:101,5,1,0
BRDA:105,6,0,74
BRDA:105,6,1,74
BRDA:107,7,0,814
BRDA:107,7,1,518
BRDA:107,8,0,1332
BRDA:107,8,1,814
BRDA:131,9,0,44
BRDA:131,9,1,94
BRDA:131,10,0,138
BRDA:131,10,1,94
BRDA:131,10,2,94
BRDA:142,11,0,29
BRDA:142,11,1,63
BRDA:144,12,0,10
BRDA:144,12,1,53
BRDA:144,13,0,63
BRDA:144,13,1,10
BRDA:145,14,0,3
BRDA:145,14,1,7
BRDA:168,15,0,18
BRDA:168,15,1,26
BRDA:178,16,0,4
BRDA:178,16,1,40
BRF:38
BRH:32
end_of_record
TN:
SF:/Users/eveessex/dev/positron/src/client/apps/settings/client/curations/components/save_button.jsx
FN:4,(anonymous_0)
FNF:1
FNH:1
FNDA:11,(anonymous_0)
DA:4,2
DA:5,11
DA:6,11
DA:8,11
DA:19,2
LF:5
LH:5
BRDA:6,0,0,6
BRDA:6,0,1,5
BRDA:14,1,0,6
BRDA:14,1,1,5
BRF:4
BRH:4
end_of_record
TN:
SF:/Users/eveessex/dev/positron/src/client/apps/settings/client/curations/display/index.tsx
FN:30,(anonymous_0)
FN:38,(anonymous_1)
FN:48,(anonymous_2)
FN:52,(anonymous_3)
FN:53,(anonymous_4)
FN:61,(anonymous_5)
FN:76,(anonymous_6)
FN:88,(anonymous_7)
FN:96,(anonymous_8)
FN:102,(anonymous_9)
FN:153,(anonymous_10)
FNF:11
FNH:8
FNDA:6,(anonymous_0)
FNDA:2,(anonymous_1)
FNDA:0,(anonymous_2)
FNDA:0,(anonymous_3)
FNDA:0,(anonymous_4)
FNDA:1,(anonymous_5)
FNDA:1,(anonymous_6)
FNDA:10,(anonymous_7)
FNDA:20,(anonymous_8)
FNDA:1,(anonymous_9)
FNDA:44,(anonymous_10)
DA:31,6
DA:32,6
DA:39,2
DA:40,2
DA:41,2
DA:42,2
DA:49,0
DA:52,0
DA:55,0
DA:62,1
DA:63,1
DA:68,1
DA:69,1
DA:77,1
DA:78,1
DA:79,1
DA:80,1
DA:81,1
DA:89,10
DA:90,10
DA:92,10
DA:97,20
DA:102,1
DA:152,1
DA:153,44
LF:25
LH:22
BRDA:78,0,0,1
BRDA:78,0,1,0
BRDA:90,1,0,4
BRDA:90,1,1,6
BRDA:153,2,0,44
BRDA:153,2,1,20
BRF:6
BRH:5
end_of_record
TN:
SF:/Users/eveessex/dev/positron/src/client/apps/settings/client/curations/display/components/campaign.tsx
FN:9,onChangeDate
FN:20,(anonymous_1)
FN:32,(anonymous_2)
FN:44,(anonymous_3)
FN:58,(anonymous_4)
FN:68,(anonymous_5)
FNF:6
FNH:6
FNDA:2,onChangeDate
FNDA:8,(anonymous_1)
FNDA:1,(anonymous_2)
FNDA:1,(anonymous_3)
FNDA:1,(anonymous_4)
FNDA:1,(anonymous_5)
DA:10,2
DA:11,2
DA:20,2
DA:21,8
DA:23,8
DA:32,1
DA:45,1
DA:59,1
DA:68,1
DA:87,2
LF:10
LH:10
[...]
BRDA:96,7,1,1
BRDA:97,8,0,3
BRDA:97,8,1,0
BRDA:97,8,2,3
BRDA:97,8,3,2
BRDA:97,8,4,3
BRDA:116,9,0,0
BRDA:116,9,1,56
BRDA:121,10,0,4
BRDA:121,10,1,52
BRDA:140,11,0,2
BRDA:140,11,1,52
BRDA:140,12,0,54
BRDA:140,12,1,52
BRDA:154,13,0,6
BRDA:154,13,1,46
BRF:32
BRH:28
end_of_record
TN:
SF:/Users/eveessex/dev/positron/src/client/components/drop_down/drop_down_item.jsx
FN:13,(anonymous_0)
FN:21,(anonymous_1)
FN:28,(anonymous_2)
FNF:3
FNH:3
FNDA:90,(anonymous_0)
FNDA:131,(anonymous_1)
FNDA:11,(anonymous_2)
DA:14,90
DA:16,90
DA:22,131
DA:24,131
DA:28,11
LF:5
LH:5
BRDA:17,0,0,90
BRDA:17,0,1,71
BRDA:31,1,0,1
BRDA:31,1,1,130
BRDA:32,2,0,131
BRDA:32,2,1,1
BRDA:36,3,0,131
BRDA:36,3,1,30
BRF:8
BRH:8
end_of_record
TN:
SF:/Users/eveessex/dev/positron/src/client/components/drop_down/drop_down_list.jsx
FN:16,(anonymous_0)
FN:26,(anonymous_1)
FN:37,(anonymous_2)
FN:42,(anonymous_3)
FN:53,(anonymous_4)
FN:60,(anonymous_5)
FN:67,(anonymous_6)
FNF:7
FNH:7
FNDA:27,(anonymous_0)
FNDA:4,(anonymous_1)
FNDA:4,(anonymous_2)
FNDA:128,(anonymous_3)
FNDA:42,(anonymous_4)
FNDA:137,(anonymous_5)
FNDA:10,(anonymous_6)
DA:17,27
DA:18,27
DA:20,27
DA:27,4
DA:29,4
DA:30,0
DA:32,4
DA:34,4
DA:38,4
DA:39,4
DA:43,128
DA:44,128
DA:46,128
DA:47,62
DA:49,66
DA:54,42
DA:55,42
DA:57,42
DA:61,137
DA:67,10
LF:20
LH:19
BRDA:21,0,0,11
BRDA:21,0,1,16
BRDA:21,1,0,27
BRDA:21,1,1,12
BRDA:22,2,0,27
BRDA:22,2,1,26
BRDA:29,3,0,0
BRDA:29,3,1,4
BRDA:38,4,0,0
BRDA:38,4,1,4
BRDA:46,5,0,62
BRDA:46,5,1,66
BRDA:55,6,0,16
BRDA:55,6,1,26
BRDA:61,7,0,137
BRDA:61,7,1,128
BRDA:64,8,0,128
BRDA:64,8,1,51
BRF:18
BRH:16
end_of_record
TN:
SF:/Users/eveessex/dev/positron/src/client/components/error/error_boundary.jsx
FN:9,(anonymous_0)
FN:13,(anonymous_1)
FNF:2
FNH:2
FNDA:1,(anonymous_0)
FNDA:470,(anonymous_1)
DA:10,1
DA:14,470
LF:2
LH:2
BRF:0
BRH:0
end_of_record
TN:
SF:/Users/eveessex/dev/positron/src/client/components/file_input/index.jsx
FN:19,(anonymous_0)
FN:27,(anonymous_1)
FN:32,(anonymous_2)
FN:41,(anonymous_3)
FN:44,(anonymous_4)
FN:47,(anonymous_5)
FN:50,(anonymous_6)
FN:57,(anonymous_7)
FN:66,(anonymous_8)
FN:74,(anonymous_9)
FN:92,(anonymous_10)
FNF:11
FNH:7
FNDA:3,(anonymous_0)
FNDA:0,(anonymous_1)
FNDA:3,(anonymous_2)
FNDA:0,(anonymous_3)
FNDA:0,(anonymous_4)
FNDA:0,(anonymous_5)
FNDA:2,(anonymous_6)
FNDA:1,(anonymous_7)
FNDA:97,(anonymous_8)
FNDA:97,(anonymous_9)
FNDA:97,(anonymous_10)
DA:3,17
DA:4,17
DA:20,3
DA:21,0
DA:23,3
DA:28,0
DA:29,0
DA:33,3
DA:35,3
DA:36,0
DA:38,3
DA:42,0
DA:45,0
DA:48,0
DA:51,2
DA:52,1
DA:53,1
DA:55,1
DA:56,1
DA:57,1
DA:58,1
DA:59,1
DA:67,97
DA:68,97
DA:69,22
DA:71,97
DA:75,97
DA:77,97
DA:78,35
DA:80,62
DA:93,97
DA:94,97
DA:95,97
DA:96,97
LF:34
LH:27
BRDA:20,0,0,0
BRDA:20,0,1,3
BRDA:28,1,0,0
BRDA:28,1,1,0
BRDA:35,2,0,0
BRDA:35,2,1,3
BRDA:51,3,0,1
BRDA:51,3,1,1
BRDA:68,4,0,22
BRDA:68,4,1,75
BRDA:77,5,0,35
BRDA:77,5,1,62
BRDA:86,6,0,22
BRDA:86,6,1,40
BRDA:94,7,0,35
BRDA:94,7,1,62
BRDA:95,8,0,3
BRDA:95,8,1,94
BRDA:98,9,0,97
BRDA:98,9,1,27
BRDA:102,10,0,6
BRDA:102,10,1,91
BRF:22
BRH:18
end_of_record
TN:
SF:/Users/eveessex/dev/positron/src/client/components/file_input/progress_bar.jsx
FN:6,(anonymous_0)
FN:33,(anonymous_1)
FN:52,(anonymous_2)
FN:53,(anonymous_3)
FNF:4
FNH:4
FNDA:2,(anonymous_0)
FNDA:4,(anonymous_1)
FNDA:4,(anonymous_2)
FNDA:4,(anonymous_3)
DA:6,12
DA:7,2
DA:9,2
DA:20,12
DA:26,12
DA:30,12
DA:34,4
DA:50,12
DA:52,4
DA:53,4
LF:10
LH:10
BRDA:34,0,0,4
BRDA:34,0,1,2
BRF:2
BRH:2
end_of_record
TN:
SF:/Users/eveessex/dev/positron/src/client/components/image_generator/index.tsx
FN:25,(anonymous_0)
FN:29,(anonymous_1)
FN:58,(anonymous_2)
FN:77,(anonymous_3)
FN:83,(anonymous_4)
FN:89,(anonymous_5)
FN:97,(anonymous_6)
FN:115,(anonymous_7)
FNF:8
FNH:7
FNDA:4,(anonymous_0)
FNDA:3,(anonymous_1)
FNDA:3,(anonymous_2)
FNDA:3,(anonymous_3)
FNDA:1,(anonymous_4)
FNDA:8,(anonymous_5)
FNDA:4,(anonymous_6)
FNDA:0,(anonymous_7)
DA:26,4
DA:30,3
DA:31,3
DA:33,3
DA:35,3
DA:36,3
DA:37,3
DA:38,3
DA:41,3
DA:42,3
DA:43,3
DA:44,3
DA:45,3
DA:46,3
DA:47,3
DA:48,3
DA:51,3
DA:52,3
DA:53,3
DA:59,3
DA:60,3
DA:62,3
DA:63,18
DA:64,18
DA:65,18
DA:66,18
DA:67,3
DA:68,3
DA:69,3
DA:71,15
DA:74,3
DA:78,3
DA:80,3
DA:84,1
DA:90,8
DA:92,8
DA:97,4
DA:111,5
DA:115,5
DA:119,5
LF:40
LH:40
BRDA:22,0,0,4
BRDA:22,0,1,0
BRDA:35,1,0,3
BRDA:35,1,1,0
BRDA:37,2,0,3
BRDA:37,2,1,0
BRDA:38,3,0,3
BRDA:38,3,1,0
BRDA:66,4,0,3
BRDA:66,4,1,15
BRDA:66,5,0,18
BRDA:66,5,1,3
BRF:12
BRH:8
end_of_record
TN:
SF:/Users/eveessex/dev/positron/src/client/components/remove_button/index.jsx
FN:7,(anonymous_0)
FNF:1
FNH:1
FNDA:651,(anonymous_0)
DA:7,55
DA:8,651
DA:10,651
DA:21,55
DA:28,55
LF:5
LH:5
BRF:0
BRH:0
end_of_record
TN:
SF:/Users/eveessex/dev/positron/src/client/components/rich_text/components/input_url.jsx
FN:25,(anonymous_0)
FN:37,(anonymous_1)
FN:51,(anonymous_2)
FN:66,(anonymous_3)
FN:85,(anonymous_4)
FN:108,(anonymous_5)
FN:109,(anonymous_6)
FN:111,(anonymous_7)
FN:125,(anonymous_8)
FNF:9
FNH:9
FNDA:5,(anonymous_0)
FNDA:3,(anonymous_1)
FNDA:3,(anonymous_2)
FNDA:21,(anonymous_3)
FNDA:1,(anonymous_4)
FNDA:42,(anonymous_5)
FNDA:42,(anonymous_6)
FNDA:42,(anonymous_7)
FNDA:42,(anonymous_8)
DA:26,5
DA:27,5
DA:29,5
DA:30,5
DA:31,4
DA:33,1
DA:38,3
DA:40,1
DA:43,1
DA:46,1
DA:52,3
DA:54,3
DA:56,1
DA:57,2
DA:59,1
DA:62,1
DA:67,21
DA:73,21
DA:75,21
DA:85,1
DA:107,11
DA:108,42
DA:109,42
DA:111,42
DA:125,42
DA:132,11
DA:140,11
DA:151,11
DA:160,11
LF:29
LH:29
BRDA:22,0,0,17
BRDA:22,0,1,11
BRDA:27,1,0,5
BRDA:27,1,1,3
BRDA:30,2,0,4
BRDA:30,2,1,1
BRDA:38,3,0,1
BRDA:38,3,1,1
BRDA:38,3,2,1
BRDA:54,4,0,1
BRDA:54,4,1,2
BRDA:57,5,0,1
BRDA:57,5,1,1
BRDA:90,6,0,21
BRDA:90,6,1,9
BRDA:108,7,0,42
BRDA:108,7,1,0
BRDA:109,8,0,42
BRDA:109,8,1,0
BRDA:111,9,0,0
BRDA:111,9,1,42
BRDA:125,10,0,0
BRDA:125,10,1,42
BRF:23
BRH:19
end_of_record
TN:
SF:/Users/eveessex/dev/positron/src/client/components/rich_text/components/text_nav.jsx
FN:13,(anonymous_0)
FN:45,(anonymous_1)
FN:74,(anonymous_2)
FN:99,(anonymous_3)
FN:110,(anonymous_4)
FN:123,(anonymous_5)
FN:127,(anonymous_6)
FNF:7
FNH:7
FNDA:19,(anonymous_0)
FNDA:88,(anonymous_1)
FNDA:138,(anonymous_2)
FNDA:44,(anonymous_3)
FNDA:44,(anonymous_4)
FNDA:269,(anonymous_5)
FNDA:19,(anonymous_6)
DA:14,19
DA:23,19
DA:25,19
DA:26,9
DA:28,10
DA:29,4
DA:32,6
DA:34,2
DA:37,2
DA:40,2
DA:52,88
DA:53,88
DA:55,88
DA:56,88
DA:58,88
DA:59,88
DA:61,88
DA:62,66
DA:64,88
DA:65,22
DA:67,88
DA:68,62
DA:71,88
DA:75,138
DA:77,138
DA:79,11
DA:82,28
DA:85,33
DA:88,4
DA:91,31
DA:94,26
DA:100,44
DA:101,44
DA:102,3
DA:103,41
DA:104,22
DA:106,19
DA:111,44
DA:112,44
DA:114,44
DA:124,269
DA:127,19
DA:137,11
LF:43
LH:43
BRDA:25,0,0,9
BRDA:25,0,1,10
BRDA:28,1,0,4
BRDA:28,1,1,6
BRDA:32,2,0,2
BRDA:32,2,1,2
BRDA:32,2,2,2
BRDA:55,3,0,88
BRDA:55,3,1,0
BRDA:58,4,0,88
BRDA:58,4,1,0
BRDA:61,5,0,66
BRDA:61,5,1,22
BRDA:64,6,0,22
BRDA:64,6,1,66
BRDA:64,7,0,88
BRDA:64,7,1,22
BRDA:67,8,0,62
BRDA:67,8,1,26
BRDA:77,9,0,11
BRDA:77,9,1,28
BRDA:77,9,2,33
BRDA:77,9,3,4
BRDA:77,9,4,31
BRDA:77,9,5,26
BRDA:101,10,0,3
BRDA:101,10,1,41
BRDA:103,11,0,22
BRDA:103,11,1,19
BRDA:129,12,0,131
BRDA:129,12,1,138
BRF:31
BRH:29
end_of_record
TN:
SF:/Users/eveessex/dev/positron/src/client/components/rich_text/utils/config.js
FN:4,(anonymous_0)
FN:10,(anonymous_1)
FN:22,(anonymous_2)
FNF:3
FNH:1
FNDA:0,(anonymous_0)
FNDA:0,(anonymous_1)
FNDA:3,(anonymous_2)
DA:4,2
DA:5,0
DA:10,2
DA:12,0
DA:13,0
DA:14,0
DA:16,0
DA:17,0
DA:19,0
DA:22,2
DA:23,3
DA:24,3
DA:25,3
DA:30,3
LF:14
LH:7
BRDA:13,0,0,0
BRDA:13,0,1,0
BRDA:16,1,0,0
BRDA:16,1,1,0
BRDA:24,2,0,3
BRDA:24,2,1,0
BRF:6
BRH:1
end_of_record
TN:
SF:/Users/eveessex/dev/positron/src/client/components/rich_text/utils/convert_html.js
FN:11,(anonymous_0)
FN:13,(anonymous_1)
FN:35,(anonymous_2)
FN:52,(anonymous_3)
FN:54,(anonymous_4)
FN:61,(anonymous_5)
FN:79,(anonymous_6)
FNF:7
FNH:7
FNDA:457,(anonymous_0)
FNDA:479,(anonymous_1)
FNDA:388,(anonymous_2)
FNDA:376,(anonymous_3)
FNDA:2170,(anonymous_4)
FNDA:3828,(anonymous_5)
FNDA:361,(anonymous_6)
DA:11,49
DA:12,457
DA:14,479
DA:16,479
DA:17,479
DA:18,479
DA:19,11
DA:21,11
DA:30,468
DA:33,0
DA:36,388
DA:37,16
DA:42,457
DA:43,457
DA:44,15
DA:47,457
DA:49,457
DA:52,49
DA:53,376
DA:55,2170
DA:56,6
DA:58,2164
DA:64,3828
DA:65,406
DA:69,406
DA:71,3422
DA:72,156
DA:76,376
DA:79,49
DA:86,361
DA:87,361
DA:88,361
DA:95,361
DA:97,361
LF:34
LH:33
BRDA:16,0,0,479
BRDA:16,0,1,0
BRDA:18,1,0,11
BRDA:18,1,1,468
BRDA:18,2,0,479
BRDA:18,2,1,248
BRDA:18,2,2,11
BRDA:36,3,0,16
BRDA:36,3,1,372
BRDA:43,4,0,15
BRDA:43,4,1,442
BRDA:47,5,0,1
BRDA:47,5,1,456
BRDA:55,6,0,6
BRDA:55,6,1,2164
BRDA:55,7,0,2170
BRDA:55,7,1,9
BRDA:64,8,0,406
BRDA:64,8,1,3422
BRDA:71,9,0,156
BRDA:71,9,1,3266
BRDA:71,10,0,3422
BRDA:71,10,1,865
BRF:23
BRH:22
end_of_record
TN:
SF:/Users/eveessex/dev/positron/src/client/components/rich_text/utils/decorators.js
FN:7,(anonymous_0)
FN:8,(anonymous_1)
FN:16,(anonymous_2)
FN:23,(anonymous_3)
FN:55,(anonymous_4)
FNF:5
FNH:5
FNDA:1054,(anonymous_0)
FNDA:1777,(anonymous_1)
FNDA:1054,(anonymous_2)
FNDA:434,(anonymous_3)
FNDA:358,(anonymous_4)
DA:7,50
DA:8,1054
DA:9,1777
DA:10,1777
DA:16,50
DA:17,1054
DA:23,50
DA:24,434
DA:25,434
DA:26,434
DA:28,434
DA:29,3
DA:38,431
DA:46,50
DA:55,50
DA:56,358
DA:57,358
DA:59,358
DA:61,358
LF:19
LH:19
BRDA:11,0,0,1777
BRDA:11,0,1,404
BRDA:28,1,0,3
BRDA:28,1,1,431
BRF:4
BRH:4
end_of_record
TN:
SF:/Users/eveessex/dev/positron/src/client/components/rich_text/utils/keybindings.js
FN:6,(anonymous_0)
FN:44,(anonymous_1)
FN:53,(anonymous_2)
FN:84,(anonymous_3)
FN:100,(anonymous_4)
FN:115,(anonymous_5)
FN:130,(anonymous_6)
FNF:7
FNH:7
FNDA:11,(anonymous_0)
FNDA:4,(anonymous_1)
FNDA:4,(anonymous_2)
FNDA:2,(anonymous_3)
FNDA:2,(anonymous_4)
FNDA:4,(anonymous_5)
FNDA:3,(anonymous_6)
DA:6,11
DA:8,11
DA:9,10
DA:12,1
DA:15,1
DA:18,1
DA:21,1
DA:24,1
DA:27,1
DA:30,1
DA:33,1
DA:36,1
DA:37,1
DA:41,2
DA:44,11
DA:46,4
DA:47,1
DA:49,3
DA:53,11
DA:62,4
DA:63,4
DA:64,2
DA:65,2
DA:66,2
DA:69,4
DA:75,4
DA:76,4
DA:77,4
DA:79,4
DA:80,4
DA:84,11
DA:86,2
DA:91,2
DA:92,2
DA:94,0
DA:95,0
DA:96,0
DA:100,11
DA:104,2
DA:106,2
DA:108,1
DA:111,2
DA:112,2
DA:115,11
DA:116,4
DA:118,4
DA:119,4
DA:127,4
DA:130,11
DA:131,3
DA:132,3
DA:134,3
DA:135,3
DA:138,3
DA:139,3
DA:141,3
DA:146,3
LF:57
LH:54
BRDA:8,0,0,10
BRDA:8,0,1,1
BRDA:9,1,0,1
BRDA:9,1,1,1
BRDA:9,1,2,1
BRDA:9,1,3,1
BRDA:9,1,4,1
BRDA:9,1,5,1
BRDA:9,1,6,1
BRDA:9,1,7,1
BRDA:9,1,8,1
BRDA:36,2,0,1
BRDA:36,2,1,0
BRDA:46,3,0,1
BRDA:46,3,1,3
BRDA:46,4,0,4
BRDA:46,4,1,2
BRDA:63,5,0,2
BRDA:63,5,1,2
BRDA:65,6,0,2
BRDA:65,6,1,0
BRDA:76,7,0,4
BRDA:76,7,1,3
BRDA:76,7,2,2
BRDA:77,8,0,4
BRDA:77,8,1,2
BRDA:77,8,2,2
BRDA:79,9,0,4
BRDA:79,9,1,0
BRDA:79,10,0,4
BRDA:79,10,1,2
BRDA:91,11,0,2
BRDA:91,11,1,0
BRDA:91,12,0,2
BRDA:91,12,1,0
BRDA:106,13,0,1
BRDA:106,13,1,1
BRDA:106,14,0,2
BRDA:106,14,1,1
BRDA:118,15,0,4
BRDA:118,15,1,2
BRDA:134,16,0,3
BRDA:134,16,1,3
BRDA:138,17,0,3
BRDA:138,17,1,0
BRDA:138,18,0,3
BRDA:138,18,1,3
BRDA:138,18,2,3
BRF:48
BRH:42
end_of_record
TN:
SF:/Users/eveessex/dev/positron/src/client/components/rich_text/utils/text_selection.js
FN:15,(anonymous_0)
FN:37,(anonymous_1)
FN:52,(anonymous_2)
FN:61,(anonymous_3)
FN:90,(anonymous_4)
FN:100,(anonymous_5)
FN:105,(anonymous_6)
FN:130,(anonymous_7)
FN:152,(anonymous_8)
FN:159,(anonymous_9)
FN:174,(anonymous_10)
FNF:11
FNH:11
FNDA:3,(anonymous_0)
FNDA:9,(anonymous_1)
FNDA:22,(anonymous_2)
FNDA:19,(anonymous_3)
FNDA:4,(anonymous_4)
FNDA:1,(anonymous_5)
FNDA:5,(anonymous_6)
FNDA:2,(anonymous_7)
FNDA:26,(anonymous_8)
FNDA:18,(anonymous_9)
FNDA:3,(anonymous_10)
DA:15,48
DA:19,3
DA:21,3
DA:22,3
DA:23,3
DA:24,3
DA:26,3
DA:27,3
DA:28,3
DA:29,1
DA:30,1
DA:31,1
DA:34,3
DA:37,48
DA:39,9
DA:43,9
DA:49,9
DA:52,48
DA:54,22
DA:55,22
DA:56,22
DA:58,22
DA:61,48
DA:63,19
DA:64,19
DA:66,19
DA:67,19
DA:68,19
DA:69,19
DA:71,19
DA:72,19
DA:74,19
DA:75,19
DA:76,19
DA:77,19
DA:79,19
DA:90,48
DA:91,4
DA:92,4
DA:94,4
DA:95,4
DA:97,4
DA:100,48
DA:101,1
DA:105,1
DA:106,5
DA:108,1
DA:109,1
DA:112,1
DA:113,1
DA:114,1
DA:119,1
DA:120,1
DA:121,1
DA:123,1
DA:130,48
DA:131,2
DA:132,2
DA:134,2
DA:135,0
DA:138,2
DA:139,2
DA:140,2
DA:143,2
DA:149,2
DA:152,48
DA:153,26
DA:154,26
DA:156,26
DA:159,48
DA:160,18
DA:161,18
DA:162,18
DA:163,18
DA:164,18
DA:170,18
DA:174,48
DA:175,3
DA:176,3
DA:177,3
DA:178,3
DA:180,3
LF:82
LH:81
BRDA:26,0,0,3
BRDA:26,0,1,0
BRDA:28,1,0,1
BRDA:28,1,1,2
BRDA:106,2,0,1
BRDA:106,2,1,4
BRDA:112,3,0,1
BRDA:112,3,1,0
BRDA:134,4,0,0
BRDA:134,4,1,2
BRDA:156,5,0,26
BRDA:156,5,1,0
BRDA:160,6,0,18
BRDA:160,6,1,0
BRDA:163,7,0,3
BRDA:163,7,1,15
BRDA:175,8,0,3
BRDA:175,8,1,0
BRF:18
BRH:12
end_of_record
TN:
SF:/Users/eveessex/dev/positron/src/client/components/rich_text/utils/text_stripping.js
FN:5,(anonymous_0)
FN:21,(anonymous_1)
FN:37,(anonymous_2)
FN:39,(anonymous_3)
FN:56,(anonymous_4)
FN:73,(anonymous_5)
FN:85,(anonymous_6)
FN:113,(anonymous_7)
FN:120,(anonymous_8)
FN:130,(anonymous_9)
FN:136,(anonymous_10)
FN:153,(anonymous_11)
FN:159,(anonymous_12)
FN:169,(anonymous_13)
FN:191,(anonymous_14)
FN:216,(anonymous_15)
FNF:16
FNH:16
FNDA:1416,(anonymous_0)
FNDA:953,(anonymous_1)
FNDA:1142,(anonymous_2)
FNDA:321362,(anonymous_3)
FNDA:16,(anonymous_4)
FNDA:362,(anonymous_5)
FNDA:1138,(anonymous_6)
FNDA:3,(anonymous_7)
FNDA:4,(anonymous_8)
FNDA:952,(anonymous_9)
FNDA:20,(anonymous_10)
FNDA:952,(anonymous_11)
FNDA:35,(anonymous_12)
FNDA:952,(anonymous_13)
FNDA:5,(anonymous_14)
FNDA:7,(anonymous_15)
DA:5,49
DA:6,1416
DA:18,1416
DA:21,49
DA:23,953
DA:24,953
DA:25,953
DA:27,953
DA:28,1652
DA:31,1652
DA:32,1652
DA:34,953
DA:37,49
DA:39,1142
DA:40,321362
DA:43,321304
DA:48,2465
DA:51,318897
DA:53,1142
DA:56,49
DA:58,16
DA:59,16
DA:60,16
DA:61,16
DA:62,4
DA:68,4
DA:69,4
DA:71,16
DA:73,49
DA:80,362
DA:81,362
DA:82,362
DA:85,362
DA:86,1138
DA:87,1138
DA:88,1138
DA:90,1138
DA:91,1118
DA:93,20
DA:97,362
DA:99,362
DA:100,4
DA:105,4
DA:107,358
DA:110,362
DA:113,49
DA:114,3
DA:116,3
DA:117,3
DA:119,3
DA:120,3
DA:121,4
DA:124,3
DA:125,3
DA:127,3
DA:130,49
DA:131,952
DA:132,952
DA:134,952
DA:136,952
DA:137,20
DA:138,20
DA:139,20
DA:141,20
DA:142,1
DA:143,19
DA:144,1
DA:145,18
DA:146,1
DA:148,20
DA:150,952
DA:153,49
DA:154,952
DA:155,952
DA:157,952
DA:159,952
DA:160,35
DA:162,35
DA:163,9
DA:166,952
DA:169,49
DA:172,952
DA:177,952
DA:180,952
DA:183,952
DA:186,952
DA:188,952
DA:191,49
DA:192,5
DA:193,5
DA:194,5
DA:195,5
DA:197,5
DA:199,1
DA:201,5
DA:203,1
DA:205,1
DA:208,5
DA:216,49
DA:217,7
DA:220,7
LF:101
LH:101
BRDA:40,0,0,321304
BRDA:40,0,1,58
BRDA:40,1,0,321362
BRDA:40,1,1,321304
BRDA:43,2,0,2465
BRDA:43,2,1,318839
BRDA:44,3,0,321304
BRDA:44,3,1,320480
BRDA:44,3,2,318839
BRDA:90,4,0,1118
BRDA:90,4,1,20
BRDA:90,5,0,1138
BRDA:90,5,1,20
BRDA:99,6,0,4
BRDA:99,6,1,358
BRDA:138,7,0,20
BRDA:138,7,1,20
BRDA:139,8,0,20
BRDA:139,8,1,20
BRDA:141,9,0,1
BRDA:141,9,1,19
BRDA:141,10,0,20
BRDA:141,10,1,2
BRDA:143,11,0,1
BRDA:143,11,1,18
BRDA:145,12,0,1
BRDA:145,12,1,17
BRDA:162,13,0,9
BRDA:162,13,1,26
BRDA:162,14,0,35
BRDA:162,14,1,35
BRDA:197,15,0,1
BRDA:197,15,1,4
BRDA:201,16,0,1
BRDA:201,16,1,4
BRDA:210,17,0,5
BRDA:210,17,1,1
BRDA:211,18,0,5
BRDA:211,18,1,1
BRF:39
BRH:39
end_of_record
TN:
SF:/Users/eveessex/dev/positron/src/client/lib/keyMirror.js
FN:12,(anonymous_0)
FN:13,(anonymous_1)
FNF:2
FNH:2
FNDA:227,(anonymous_0)
FNDA:1343,(anonymous_1)
DA:13,1343
LF:1
LH:1
BRF:0
BRH:0
end_of_record
TN:
SF:/Users/eveessex/dev/positron/src/client/lib/setup/authorization.js
FN:1,(anonymous_0)
FN:9,(anonymous_1)
FNF:2
FNH:2
FNDA:2,(anonymous_0)
FNDA:2,(anonymous_1)
DA:1,1
DA:2,2
DA:3,1
DA:5,1
DA:9,1
DA:10,2
DA:11,1
DA:13,1
LF:8
LH:8
BRDA:2,0,0,1
BRDA:2,0,1,1
BRDA:10,1,0,1
BRDA:10,1,1,1
BRDA:10,2,0,2
BRDA:10,2,1,1
BRF:6
BRH:6
end_of_record
TN:
SF:/Users/eveessex/dev/positron/src/client/lib/utils/json.js
FN:1,(anonymous_0)
FNF:1
FNH:1
FNDA:48,(anonymous_0)
DA:1,15
DA:2,48
LF:2
LH:2
BRF:0
BRH:0
end_of_record
TN:
SF:/Users/eveessex/dev/positron/src/client/models/article.js
FN:13,(anonymous_0)
FN:23,(anonymous_1)
FN:25,(anonymous_2)
FN:46,(anonymous_3)
FN:47,(anonymous_4)
FN:54,(anonymous_5)
FN:56,(anonymous_6)
FN:67,(anonymous_7)
FN:68,(anonymous_8)
FN:75,(anonymous_9)
FN:88,(anonymous_10)
FN:92,(anonymous_11)
FNF:12
FNH:12
FNDA:17,(anonymous_0)
FNDA:416,(anonymous_1)
FNDA:213,(anonymous_2)
FNDA:13,(anonymous_3)
FNDA:219,(anonymous_4)
FNDA:170,(anonymous_5)
FNDA:13,(anonymous_6)
FNDA:6,(anonymous_7)
FNDA:93,(anonymous_8)
FNDA:72,(anonymous_9)
FNDA:451,(anonymous_10)
FNDA:5547,(anonymous_11)
DA:13,19
DA:14,17
DA:16,17
DA:17,16
DA:18,1
DA:19,1
DA:23,19
DA:24,416
DA:25,416
DA:26,213
DA:27,213
DA:28,213
DA:29,2
DA:32,2
DA:34,213
DA:35,93
DA:37,120
DA:40,0
DA:43,416
DA:46,19
DA:47,13
DA:48,219
DA:50,133
DA:54,74
DA:55,170
DA:56,13
DA:58,157
DA:64,13
DA:67,19
DA:68,6
DA:69,93
DA:71,56
DA:75,32
DA:76,72
DA:77,6
DA:79,66
DA:85,6
DA:88,19
DA:89,451
DA:91,451
DA:93,5547
DA:95,451
DA:96,451
DA:98,451
LF:44
LH:43
BRDA:16,0,0,16
BRDA:16,0,1,1
BRDA:16,1,0,17
BRDA:16,1,1,17
BRDA:18,2,0,1
BRDA:18,2,1,0
BRDA:27,3,0,213
BRDA:27,3,1,0
BRDA:28,4,0,2
BRDA:28,4,1,211
BRDA:34,5,0,93
BRDA:34,5,1,120
BRDA:48,6,0,133
BRDA:48,6,1,13
BRDA:48,6,2,74
BRDA:55,7,0,13
BRDA:55,7,1,157
BRDA:69,8,0,56
BRDA:69,8,1,6
BRDA:69,8,2,32
BRDA:76,9,0,6
BRDA:76,9,1,66
BRDA:89,10,0,451
BRDA:89,10,1,0
BRDA:91,11,0,451
BRDA:91,11,1,337
BRF:26
BRH:23
end_of_record
TN:
SF:/Users/eveessex/dev/positron/src/client/models/session.js
FNF:0
FNH:0
LF:0
LH:0
BRF:0
BRH:0
end_of_record
TN:
SF:/Users/eveessex/dev/positron/src/client/queries/authors.js
FN:3,AuthorsQuery
FNF:1
FNH:1
FNDA:1,AuthorsQuery
DA:4,1
LF:1
LH:1
BRF:0
BRH:0
end_of_record
TN:
SF:/Users/eveessex/dev/positron/src/client/queries/metaphysics.js
FN:3,ArtworkQuery
FN:14,ArtworksQuery
FN:25,ArtistQuery
FN:36,ArtistsQuery
FN:47,AuctionsQuery
FN:58,FairsQuery
FN:69,PartnersQuery
FN:80,ShowsQuery
FN:91,UsersQuery
FNF:9
FNH:3
FNDA:0,ArtworkQuery
FNDA:0,ArtworksQuery
FNDA:0,ArtistQuery
FNDA:1,ArtistsQuery
FNDA:0,AuctionsQuery
FNDA:12,FairsQuery
FNDA:0,PartnersQuery
FNDA:0,ShowsQuery
FNDA:28,UsersQuery
DA:4,0
DA:15,0
DA:26,0
DA:37,1
DA:48,0
DA:59,12
DA:70,0
DA:81,0
DA:92,28
LF:9
LH:3
BRF:0
BRH:0
end_of_record
TN:
SF:/Users/eveessex/dev/positron/src/client/queries/related_articles.js
FN:3,RelatedArticleQuery
FNF:1
FNH:1
FNDA:3,RelatedArticleQuery
DA:4,3
LF:1
LH:1
BRF:0
BRH:0
end_of_record
TN:
SF:/Users/eveessex/dev/positron/src/client/queries/sub_articles.js
FN:3,SubArticleQuery
FNF:1
FNH:1
FNDA:3,SubArticleQuery
DA:4,3
LF:1
LH:1
BRF:0
BRH:0
end_of_record
TN:
SF:/Users/eveessex/dev/positron/src/client/reducers/appReducer.ts
FN:38,(anonymous_0)
FN:53,(anonymous_1)
FNF:2
FNH:2
FNDA:7,(anonymous_0)
FNDA:7,(anonymous_1)
DA:38,1
DA:39,7
DA:53,1
DA:54,7
LF:4
LH:4
BRDA:45,0,0,7
BRDA:45,0,1,7
BRDA:46,1,0,7
BRDA:46,1,1,7
BRDA:48,2,0,7
BRDA:48,2,1,7
BRDA:53,3,0,7
BRF:7
BRH:7
end_of_record
TN:
SF:/Users/eveessex/dev/positron/src/client/reducers/editReducer.ts
FN:10,(anonymous_0)
FN:23,(anonymous_1)
FN:77,(anonymous_2)
FNF:3
FNH:3
FNDA:4,(anonymous_0)
FNDA:3,(anonymous_1)
FNDA:42,(anonymous_2)
DA:10,1
DA:11,4
DA:12,4
DA:13,1
DA:17,3
DA:18,3
DA:20,3
DA:23,1
DA:24,3
DA:25,3
DA:26,0
DA:28,3
DA:29,3
DA:56,1
DA:77,1
DA:78,42
DA:80,3
DA:82,3
DA:93,1
DA:94,1
DA:95,1
DA:97,1
DA:107,1
DA:116,2
DA:117,2
DA:119,2
DA:129,1
DA:138,1
DA:147,2
DA:148,2
DA:150,2
DA:151,1
DA:153,1
DA:156,2
DA:167,2
DA:168,2
DA:169,2
DA:170,2
DA:172,2
DA:173,2
DA:175,2
DA:186,1
DA:195,1
DA:204,1
DA:205,1
DA:214,2
DA:215,2
DA:216,2
DA:218,2
DA:227,24
LF:50
LH:49
BRDA:12,0,0,1
BRDA:12,0,1,3
BRDA:25,1,0,0
BRDA:25,1,1,3
BRDA:28,2,0,3
BRDA:28,2,1,2
BRDA:77,3,0,24
BRDA:78,4,0,3
BRDA:78,4,1,1
BRDA:78,4,2,1
BRDA:78,4,3,2
BRDA:78,4,4,1
BRDA:78,4,5,1
BRDA:78,4,6,2
BRDA:78,4,7,2
BRDA:78,4,8,1
BRDA:78,4,9,1
BRDA:78,4,10,1
BRDA:78,4,11,2
BRDA:95,5,0,1
BRDA:95,5,1,0
BRDA:150,6,0,1
BRDA:150,6,1,1
BRF:23
BRH:21
end_of_record
TN:
SF:/Users/eveessex/dev/positron/src/test/helpers
FN:8,(anonymous_0)
FN:283,(anonymous_1)
FN:290,(anonymous_2)
FN:291,(anonymous_3)
FN:292,(anonymous_4)
FN:293,(anonymous_5)
FNF:6
FNH:1
FNDA:23,(anonymous_0)
FNDA:0,(anonymous_1)
FNDA:0,(anonymous_2)
FNDA:0,(anonymous_3)
FNDA:0,(anonymous_4)
FNDA:0,(anonymous_5)
DA:1,1
DA:2,1
DA:3,1
DA:6,1
DA:8,1
DA:9,23
DA:10,23
LF:7
LH:7
BRF:0
BRH:0
end_of_record
